
> pretest
> pnpm run build


> directus-monorepo@ build /workspace/directus
> pnpm --recursive --filter '!docs' run build

Scope: 40 of 42 workspace projects
packages/components build$ vite build
packages/constants build$ tsup src/index.ts --format=esm --dts
packages/format-title build$ pnpm run '/^bundle|typecheck$/'
packages/random build$ tsup src/index.ts --format=esm --dts
packages/random build: CLI Building entry: src/index.ts
packages/random build: CLI Using tsconfig: tsconfig.json
packages/random build: CLI tsup v8.4.0
packages/constants build: CLI Building entry: src/index.ts
packages/constants build: CLI Using tsconfig: tsconfig.json
packages/constants build: CLI tsup v8.4.0
packages/random build: CLI Target: es2022
packages/random build: ESM Build start
packages/constants build: CLI Target: es2022
packages/constants build: ESM Build start
packages/format-title build: . bundle$ tsup src/index.ts --format=esm --dts
packages/format-title build: . typecheck$ tsc --noEmit
packages/constants build: ESM dist/index.js 2.48 KB
packages/constants build: ESM ⚡️ Build success in 31ms
packages/random build: ESM dist/index.js 915.00 B
packages/random build: ESM ⚡️ Build success in 53ms
packages/constants build: DTS Build start
packages/random build: DTS Build start
packages/format-title build: . bundle: CLI Building entry: src/index.ts
packages/format-title build: . bundle: CLI Using tsconfig: tsconfig.json
packages/format-title build: . bundle: CLI tsup v8.4.0
packages/format-title build: . bundle: CLI Target: es2022
packages/format-title build: . bundle: ESM Build start
packages/format-title build: . bundle: ESM dist/index.js 3.78 KB
packages/format-title build: . bundle: ESM ⚡️ Build success in 93ms
packages/constants build: DTS ⚡️ Build success in 818ms
packages/constants build: DTS dist/index.d.ts 2.44 KB
packages/constants build: Done
packages/release-notes-generator build$ tsc --project tsconfig.prod.json
packages/format-title build: . bundle: DTS Build start
packages/components build: vite v5.4.19 building for production...
packages/format-title build: . bundle: DTS ⚡️ Build success in 664ms
packages/format-title build: . bundle: DTS dist/index.d.ts 122.00 B
packages/format-title build: . bundle: Done
packages/format-title build: . typecheck: Done
packages/format-title build: Done
packages/schema build$ tsup src/index.ts --format=esm --dts
packages/random build: DTS ⚡️ Build success in 1711ms
packages/random build: DTS dist/index.d.ts 1.13 KB
packages/random build: Done
packages/specs build$ swagger-cli bundle src/openapi.yaml -o dist/openapi.json
packages/schema build: CLI Building entry: src/index.ts
packages/schema build: CLI Using tsconfig: tsconfig.json
packages/schema build: CLI tsup v8.4.0
packages/schema build: CLI Target: es2022
packages/schema build: ESM Build start
packages/schema build: ESM dist/index.js 74.29 KB
packages/schema build: ESM ⚡️ Build success in 84ms
packages/specs build: Created dist/openapi.json from src/openapi.yaml
packages/specs build: Done
packages/storage build$ tsup src/index.ts --format=esm --dts
packages/schema build: DTS Build start
packages/release-notes-generator build: Done
packages/stores build$ tsup src/index.ts --format=esm --dts
packages/storage build: CLI Building entry: src/index.ts
packages/storage build: CLI Using tsconfig: tsconfig.json
packages/storage build: CLI tsup v8.4.0
packages/storage build: CLI Target: es2022
packages/storage build: ESM Build start
packages/storage build: ESM dist/index.js 762.00 B
packages/storage build: ESM ⚡️ Build success in 57ms
packages/stores build: CLI Building entry: src/index.ts
packages/stores build: CLI Using tsconfig: tsconfig.json
packages/stores build: CLI tsup v8.4.0
packages/stores build: CLI Target: es2022
packages/stores build: ESM Build start
packages/storage build: DTS Build start
packages/stores build: ESM dist/index.js 857.00 B
packages/stores build: ESM ⚡️ Build success in 77ms
packages/stores build: DTS Build start
packages/components build: transforming...
packages/components build: ✓ 1 modules transformed.
packages/components build: Generated an empty chunk: "index".
packages/components build: rendering chunks...
packages/components build: [vite:dts] Start generate declaration files...
packages/components build: computing gzip size...
packages/components build: dist/index.js  0.00 kB │ gzip: 0.02 kB
packages/components build: [vite:dts] Declaration files built in 2591ms.
packages/components build: ✓ built in 2.73s
packages/components build: Done
packages/system-data build$ NODE_ENV=production tsup
packages/system-data build: CLI Building entry: src/index.ts
packages/system-data build: CLI Using tsconfig: tsconfig.json
packages/system-data build: CLI tsup v8.4.0
packages/system-data build: CLI Using tsup config: /workspace/directus/packages/system-data/tsup.config.js
packages/system-data build: CLI Target: es2020
packages/system-data build: CLI Cleaning output folder
packages/system-data build: CJS Build start
packages/system-data build: ESM Build start
packages/storage build: DTS ⚡️ Build success in 1508ms
packages/storage build: DTS dist/index.d.ts 1.87 KB
packages/storage build: Done
packages/update-check build$ pnpm run '/^bundle|typecheck$/'
packages/system-data build: ESM dist/index.js 50.02 KB
packages/system-data build: ESM ⚡️ Build success in 622ms
packages/system-data build: DTS Build start
packages/system-data build: CJS dist/index.cjs 50.64 KB
packages/system-data build: CJS ⚡️ Build success in 636ms
packages/schema build: DTS ⚡️ Build success in 3144ms
packages/schema build: DTS dist/index.d.ts 2.68 KB
packages/schema build: Done
packages/update-check build: . bundle$ tsup src/index.ts --format=esm --dts
packages/update-check build: . typecheck$ tsc --noEmit
packages/stores build: DTS ⚡️ Build success in 2108ms
packages/stores build: DTS dist/index.d.ts 1.75 KB
packages/stores build: Done
packages/system-data build: DTS ⚡️ Build success in 661ms
packages/system-data build: DTS dist/index.d.cts 4.92 KB
packages/system-data build: DTS dist/index.d.ts  4.92 KB
packages/update-check build: . bundle: CLI Building entry: src/index.ts
packages/system-data build: Done
packages/update-check build: . bundle: CLI Using tsconfig: tsconfig.json
packages/update-check build: . bundle: CLI tsup v8.4.0
packages/update-check build: . bundle: CLI Target: es2022
packages/update-check build: . bundle: ESM Build start
packages/update-check build: . bundle: ESM dist/index.js 3.13 KB
packages/update-check build: . bundle: ESM ⚡️ Build success in 23ms
packages/update-check build: . bundle: DTS Build start
packages/update-check build: . typecheck: Done
packages/update-check build: . bundle: DTS ⚡️ Build success in 905ms
packages/update-check build: . bundle: DTS dist/index.d.ts 94.00 B
packages/update-check build: . bundle: Done
packages/update-check build: Done
packages/errors build$ tsup src/index.ts --format=esm --dts
packages/types build$ tsc
packages/storage-driver-local build$ tsup src/index.ts --format=esm --dts
sdk build$ NODE_ENV=production tsup
packages/storage-driver-local build: CLI Building entry: src/index.ts
packages/storage-driver-local build: CLI Using tsconfig: tsconfig.json
packages/storage-driver-local build: CLI tsup v8.4.0
packages/storage-driver-local build: CLI Target: es2022
packages/storage-driver-local build: ESM Build start
packages/errors build: CLI Building entry: src/index.ts
packages/errors build: CLI Using tsconfig: tsconfig.json
packages/errors build: CLI tsup v8.4.0
packages/errors build: CLI Target: es2022
packages/storage-driver-local build: ESM dist/index.js 3.92 KB
packages/storage-driver-local build: ESM ⚡️ Build success in 40ms
packages/errors build: ESM Build start
sdk build: CLI Building entry: src/index.ts
sdk build: CLI Using tsconfig: tsconfig.json
sdk build: CLI tsup v8.4.0
sdk build: CLI Using tsup config: /workspace/directus/sdk/tsup.config.js
sdk build: CLI Target: es2022
sdk build: CLI Cleaning output folder
sdk build: CJS Build start
sdk build: ESM Build start
packages/errors build: ESM dist/index.js 10.73 KB
packages/errors build: ESM ⚡️ Build success in 78ms
sdk build: CJS dist/index.cjs     45.88 KB
sdk build: CJS dist/index.cjs.map 66.66 KB
sdk build: CJS ⚡️ Build success in 343ms
sdk build: ESM dist/index.js     41.57 KB
sdk build: ESM dist/index.js.map 59.53 KB
sdk build: ESM ⚡️ Build success in 343ms
packages/storage-driver-local build: DTS Build start
sdk build: DTS Build start
packages/errors build: DTS Build start
packages/types build: Done
packages/errors build: DTS ⚡️ Build success in 1150ms
packages/errors build: DTS dist/index.d.ts 8.40 KB
packages/errors build: Done
packages/storage-driver-local build: DTS ⚡️ Build success in 1737ms
packages/storage-driver-local build: DTS dist/index.d.ts 1.44 KB
packages/storage-driver-local build: Done
sdk build: DTS ⚡️ Build success in 4214ms
sdk build: DTS dist/index.d.cts 159.14 KB
sdk build: DTS dist/index.d.ts  159.14 KB
sdk build: Done
packages/schema-builder build$ tsup src/index.ts --format=esm --dts
packages/schema-builder build: CLI Building entry: src/index.ts
packages/schema-builder build: CLI Using tsconfig: tsconfig.json
packages/schema-builder build: CLI tsup v8.4.0
packages/schema-builder build: CLI Target: es2022
packages/schema-builder build: ESM Build start
packages/schema-builder build: ESM dist/index.js 20.93 KB
packages/schema-builder build: ESM ⚡️ Build success in 24ms
packages/schema-builder build: DTS Build start
packages/schema-builder build: DTS ⚡️ Build success in 1237ms
packages/schema-builder build: DTS dist/index.d.ts 4.24 KB
packages/schema-builder build: Done
packages/utils build$ pnpm run '/^build:.*/'
packages/utils build: . build:browser$ tsup browser/index.ts --tsconfig browser/tsconfig.json --out-dir dist/browser --format=esm --dts
packages/utils build: . build:node$ tsup node/index.ts --tsconfig node/tsconfig.json --out-dir dist/node --format=esm --dts
packages/utils build: . build:shared$ tsup shared/index.ts --tsconfig shared/tsconfig.json --out-dir dist/shared --format=esm --dts
packages/utils build: . build:shared: CLI Building entry: shared/index.ts
packages/utils build: . build:browser: CLI Building entry: browser/index.ts
packages/utils build: . build:browser: CLI Using tsconfig: browser/tsconfig.json
packages/utils build: . build:browser: CLI tsup v8.4.0
packages/utils build: . build:browser: CLI Target: es2022
packages/utils build: . build:shared: CLI Using tsconfig: shared/tsconfig.json
packages/utils build: . build:shared: CLI tsup v8.4.0
packages/utils build: . build:node: CLI Building entry: node/index.ts
packages/utils build: . build:node: CLI Using tsconfig: node/tsconfig.json
packages/utils build: . build:node: CLI tsup v8.4.0
packages/utils build: . build:browser: ESM Build start
packages/utils build: . build:shared: CLI Target: es2022
packages/utils build: . build:shared: ESM Build start
packages/utils build: . build:node: CLI Target: es2022
packages/utils build: . build:node: ESM Build start
packages/utils build: . build:browser: ESM dist/browser/index.js 177.00 B
packages/utils build: . build:browser: ESM ⚡️ Build success in 53ms
packages/utils build: . build:node: ESM dist/node/index.js 3.56 KB
packages/utils build: . build:node: ESM ⚡️ Build success in 37ms
packages/utils build: . build:shared: ESM dist/shared/index.js 40.89 KB
packages/utils build: . build:shared: ESM ⚡️ Build success in 70ms
packages/utils build: . build:node: DTS Build start
packages/utils build: . build:shared: DTS Build start
packages/utils build: . build:browser: DTS Build start
packages/utils build: . build:browser: DTS ⚡️ Build success in 897ms
packages/utils build: . build:browser: DTS dist/browser/index.d.ts 149.00 B
packages/utils build: . build:browser: Done
packages/utils build: . build:node: DTS ⚡️ Build success in 1670ms
packages/utils build: . build:node: DTS dist/node/index.d.ts 1.66 KB
packages/utils build: . build:node: Done
packages/utils build: . build:shared: DTS ⚡️ Build success in 2494ms
packages/utils build: . build:shared: DTS dist/shared/index.d.ts 8.67 KB
packages/utils build: . build:shared: Done
packages/utils build: Done
packages/env build$ tsup src/index.ts --format=esm --dts
packages/pressure build$ tsup src/index.ts --format=esm --dts
packages/storage-driver-azure build$ tsup src/index.ts --format=esm --dts
packages/memory build$ tsup src/index.ts --format=esm --dts
packages/env build: CLI Building entry: src/index.ts
packages/env build: CLI Using tsconfig: tsconfig.json
packages/env build: CLI tsup v8.4.0
packages/pressure build: CLI Building entry: src/index.ts
packages/pressure build: CLI Using tsconfig: tsconfig.json
packages/pressure build: CLI tsup v8.4.0
packages/env build: CLI Target: es2022
packages/env build: ESM Build start
packages/memory build: CLI Building entry: src/index.ts
packages/memory build: CLI Using tsconfig: tsconfig.json
packages/memory build: CLI tsup v8.4.0
packages/pressure build: CLI Target: es2022
packages/pressure build: ESM Build start
packages/storage-driver-azure build: CLI Building entry: src/index.ts
packages/memory build: CLI Target: es2022
packages/storage-driver-azure build: CLI Using tsconfig: tsconfig.json
packages/storage-driver-azure build: CLI tsup v8.4.0
packages/memory build: ESM Build start
packages/storage-driver-azure build: CLI Target: es2022
packages/pressure build: ESM dist/index.js 2.25 KB
packages/pressure build: ESM ⚡️ Build success in 18ms
packages/storage-driver-azure build: ESM Build start
packages/env build: ESM dist/index.js 17.72 KB
packages/env build: ESM ⚡️ Build success in 50ms
packages/storage-driver-azure build: ESM dist/index.js 3.74 KB
packages/storage-driver-azure build: ESM ⚡️ Build success in 32ms
packages/memory build: ESM dist/index.js 13.57 KB
packages/memory build: ESM ⚡️ Build success in 50ms
packages/pressure build: DTS Build start
packages/env build: DTS Build start
packages/memory build: DTS Build start
packages/storage-driver-azure build: DTS Build start
packages/pressure build: DTS ⚡️ Build success in 2604ms
packages/pressure build: DTS dist/index.d.ts 885.00 B
packages/pressure build: Done
packages/storage-driver-cloudinary build$ tsup src/index.ts --format=esm --dts
packages/env build: DTS ⚡️ Build success in 2823ms
packages/env build: DTS dist/index.d.ts 90.00 B
packages/env build: Done
packages/storage-driver-gcs build$ tsup src/index.ts --format=esm --dts
packages/storage-driver-azure build: DTS ⚡️ Build success in 2907ms
packages/storage-driver-azure build: DTS dist/index.d.ts 1.52 KB
packages/storage-driver-azure build: Done
packages/storage-driver-s3 build$ tsup src/index.ts --format=esm --dts
packages/memory build: DTS ⚡️ Build success in 2972ms
packages/memory build: DTS dist/index.d.ts 13.45 KB
packages/memory build: Done
packages/storage-driver-supabase build$ tsup src/index.ts --format=esm --dts
packages/storage-driver-cloudinary build: CLI Building entry: src/index.ts
packages/storage-driver-cloudinary build: CLI Using tsconfig: tsconfig.json
packages/storage-driver-cloudinary build: CLI tsup v8.4.0
packages/storage-driver-cloudinary build: CLI Target: es2022
packages/storage-driver-cloudinary build: ESM Build start
packages/storage-driver-cloudinary build: ESM dist/index.js 13.81 KB
packages/storage-driver-cloudinary build: ESM ⚡️ Build success in 30ms
packages/storage-driver-gcs build: CLI Building entry: src/index.ts
packages/storage-driver-gcs build: CLI Using tsconfig: tsconfig.json
packages/storage-driver-gcs build: CLI tsup v8.4.0
packages/storage-driver-gcs build: CLI Target: es2022
packages/storage-driver-gcs build: ESM Build start
packages/storage-driver-gcs build: ESM dist/index.js 3.54 KB
packages/storage-driver-gcs build: ESM ⚡️ Build success in 23ms
packages/storage-driver-s3 build: CLI Building entry: src/index.ts
packages/storage-driver-s3 build: CLI Using tsconfig: tsconfig.json
packages/storage-driver-s3 build: CLI tsup v8.4.0
packages/storage-driver-s3 build: CLI Target: es2022
packages/storage-driver-s3 build: ESM Build start
packages/storage-driver-s3 build: ESM dist/index.js 12.19 KB
packages/storage-driver-s3 build: ESM ⚡️ Build success in 30ms
packages/storage-driver-supabase build: CLI Building entry: src/index.ts
packages/storage-driver-supabase build: CLI Using tsconfig: tsconfig.json
packages/storage-driver-supabase build: CLI tsup v8.4.0
packages/storage-driver-supabase build: CLI Target: es2022
packages/storage-driver-supabase build: ESM Build start
packages/storage-driver-cloudinary build: DTS Build start
packages/storage-driver-supabase build: ESM dist/index.js 6.46 KB
packages/storage-driver-supabase build: ESM ⚡️ Build success in 29ms
packages/storage-driver-gcs build: DTS Build start
packages/storage-driver-s3 build: DTS Build start
packages/storage-driver-supabase build: DTS Build start
packages/storage-driver-cloudinary build: DTS ⚡️ Build success in 2248ms
packages/storage-driver-cloudinary build: DTS dist/index.d.ts 2.85 KB
packages/storage-driver-cloudinary build: Done
packages/themes build$ vite build
packages/storage-driver-gcs build: DTS ⚡️ Build success in 2280ms
packages/storage-driver-gcs build: DTS dist/index.d.ts 1.46 KB
packages/storage-driver-gcs build: Done
packages/validation build$ tsup src/index.ts --format=esm --dts
packages/storage-driver-supabase build: DTS ⚡️ Build success in 2149ms
packages/storage-driver-supabase build: DTS dist/index.d.ts 1.76 KB
packages/storage-driver-supabase build: Done
packages/validation build: CLI Building entry: src/index.ts
packages/validation build: CLI Using tsconfig: tsconfig.json
packages/validation build: CLI tsup v8.4.0
packages/validation build: CLI Target: es2022
packages/validation build: ESM Build start
packages/validation build: ESM dist/index.js 5.55 KB
packages/validation build: ESM ⚡️ Build success in 49ms
packages/validation build: DTS Build start
packages/storage-driver-s3 build: DTS ⚡️ Build success in 3006ms
packages/storage-driver-s3 build: DTS dist/index.d.ts 2.08 KB
packages/storage-driver-s3 build: Done
packages/themes build: vite v5.4.19 building for production...
packages/validation build: DTS ⚡️ Build success in 1552ms
packages/validation build: DTS dist/index.d.ts 774.00 B
packages/validation build: Done
packages/themes build: transforming...
packages/themes build: ✓ 21 modules transformed.
packages/themes build: rendering chunks...
packages/themes build: [vite:dts] Start generate declaration files...
packages/themes build: computing gzip size...
packages/themes build: dist/index.js  40.85 kB │ gzip: 5.42 kB
packages/themes build: [vite:dts] Declaration files built in 2686ms.
packages/themes build: ✓ built in 2.92s
packages/themes build: Done
packages/extensions build$ pnpm run '/^build:.*/'
packages/extensions build: . build:node$ tsup src/node.ts --tsconfig src/node/tsconfig.json --out-dir dist --format=esm --dts
packages/extensions build: . build:shared$ tsup src/index.ts --tsconfig src/tsconfig.json --out-dir dist --format=esm --dts
packages/extensions build: . build:node: CLI Building entry: src/node.ts
packages/extensions build: . build:shared: CLI Building entry: src/index.ts
packages/extensions build: . build:shared: CLI Using tsconfig: src/tsconfig.json
packages/extensions build: . build:node: CLI Using tsconfig: src/node/tsconfig.json
packages/extensions build: . build:node: CLI tsup v8.4.0
packages/extensions build: . build:shared: CLI tsup v8.4.0
packages/extensions build: . build:shared: CLI Target: es2022
packages/extensions build: . build:shared: ESM Build start
packages/extensions build: . build:node: CLI Target: es2022
packages/extensions build: . build:node: ESM Build start
packages/extensions build: . build:shared: ESM dist/index.js 4.68 KB
packages/extensions build: . build:shared: ESM ⚡️ Build success in 26ms
packages/extensions build: . build:node: ESM dist/node.js 11.64 KB
packages/extensions build: . build:node: ESM ⚡️ Build success in 29ms
packages/extensions build: . build:shared: DTS Build start
packages/extensions build: . build:node: DTS Build start
packages/extensions build: . build:shared: DTS ⚡️ Build success in 2647ms
packages/extensions build: . build:shared: DTS dist/index.d.ts 54.73 KB
packages/extensions build: . build:shared: Done
packages/extensions build: . build:node: DTS ⚡️ Build success in 2779ms
packages/extensions build: . build:node: DTS dist/node.d.ts 55.33 KB
packages/extensions build: . build:node: Done
packages/extensions build: Done
packages/composables build$ tsup src/index.ts --format=esm --dts
packages/extensions-registry build$ tsup src/index.ts --format=esm --dts
packages/composables build: CLI Building entry: src/index.ts
packages/composables build: CLI Using tsconfig: tsconfig.json
packages/composables build: CLI tsup v8.4.0
packages/composables build: CLI Target: es2022
packages/composables build: ESM Build start
packages/extensions-registry build: CLI Building entry: src/index.ts
packages/extensions-registry build: CLI Using tsconfig: tsconfig.json
packages/extensions-registry build: CLI tsup v8.4.0
packages/extensions-registry build: CLI Target: es2022
packages/extensions-registry build: ESM Build start
packages/composables build: ESM dist/index.js 20.61 KB
packages/composables build: ESM ⚡️ Build success in 31ms
packages/extensions-registry build: ESM dist/index.js 7.08 KB
packages/extensions-registry build: ESM ⚡️ Build success in 34ms
packages/composables build: DTS Build start
packages/extensions-registry build: DTS Build start
packages/extensions-registry build: DTS ⚡️ Build success in 1960ms
packages/extensions-registry build: DTS dist/index.d.ts 21.76 KB
packages/extensions-registry build: Done
packages/composables build: DTS ⚡️ Build success in 2311ms
packages/composables build: DTS dist/index.d.ts 6.38 KB
packages/composables build: Done
packages/extensions-sdk build$ tsc --project tsconfig.prod.json
packages/extensions-sdk build: Done
app build$ vite build
app build: vite v5.4.19 building for production...
app build: transforming...
app build: ✓ 4494 modules transformed.
app build: rendering chunks...
app build: [plugin:vite:reporter] [plugin vite:reporter] 
app build: (!) /workspace/directus/node_modules/.pnpm/date-fns@4.1.0/node_modules/date-fns/locale/en-US.js is dynamically imported by /workspace/directus/app/src/utils/get-date-fns-locale.ts but also statically imported by /workspace/directus/node_modules/.pnpm/date-fns@4.1.0/node_modules/date-fns/_lib/defaultLocale.js, dynamic import will not move module into another chunk.
app build: [plugin:vite:reporter] [plugin vite:reporter] 
app build: (!) /workspace/directus/app/src/lang/translations/en-US.yaml is dynamically imported by /workspace/directus/app/src/lang/set-language.ts but also statically imported by /workspace/directus/app/src/lang/index.ts, dynamic import will not move module into another chunk.
app build: [plugin:vite:reporter] [plugin vite:reporter] 
app build: (!) /workspace/directus/node_modules/.pnpm/codemirror@5.65.18/node_modules/codemirror/mode/markdown/markdown.js is dynamically imported by /workspace/directus/app/src/interfaces/input-code/import-codemirror-mode.ts but also statically imported by  /workspace/directus/node_modules/.pnpm/codemirror@5.65.18/node_modules/codemirror/mode/markdown/markdown.js?commonjs-proxy, /workspace/directus/app/src/interfaces/input-rich-text-md/input-rich-text-md.vue?vue&type=script&setup=true&lang.ts, dynamic import will not move module into another chunk.
app build: [plugin:vite:reporter] [plugin vite:reporter] 
app build: (!) /workspace/directus/node_modules/.pnpm/codemirror@5.65.18/node_modules/codemirror/mode/javascript/javascript.js is dynamically imported by /workspace/directus/app/src/interfaces/input-code/import-codemirror-mode.ts, /workspace/directus/app/src/interfaces/input-code/input-code.vue?vue&type=script&setup=true&lang.ts but also statically imported by  /workspace/directus/node_modules/.pnpm/codemirror@5.65.18/node_modules/codemirror/mode/javascript/javascript.js?commonjs-proxy, /workspace/directus/app/src/modules/settings/routes/system-logs/logs.vue?vue&type=script&setup=true&lang.ts, dynamic import will not move module into another chunk.
app build: computing gzip size...
app build: dist/index.html                                             1.81 kB │ gzip:     0.74 kB
app build: dist/assets/FiraMono-Medium-CE-6Frqh.woff2                 16.15 kB
app build: dist/assets/FiraMono-Medium-CjwgnWCQ.woff                  21.28 kB
app build: dist/assets/merriweather-light-MAZijcp-.woff2              23.59 kB
app build: dist/assets/merriweather-regular-D4NWdWaV.woff2            23.86 kB
app build: dist/assets/merriweather-bold-Ehu1LSIs.woff2               24.17 kB
app build: dist/assets/merriweather-italic-DQHU05JA.woff2             27.18 kB
app build: dist/assets/merriweather-light-_dgfXFiJ.woff               30.76 kB
app build: dist/assets/merriweather-regular-B5k5JYwq.woff             31.07 kB
app build: dist/assets/merriweather-bold-CQICjned.woff                31.46 kB
app build: dist/assets/merriweather-italic-DDdpEp2m.woff              35.08 kB
app build: dist/assets/Inter-Black-DQ32R15S.woff2                     93.18 kB
app build: dist/assets/Inter-Bold-d8J9BkrN.woff2                      95.93 kB
app build: dist/assets/Inter-Regular-C2oJmTkV.woff2                  100.12 kB
app build: dist/assets/Inter-Medium-IZr8HYrM.woff2                   106.72 kB
app build: dist/assets/Inter-SemiBold-1vGiIFm-.woff2                 107.23 kB
app build: dist/assets/Inter-MediumItalic-eHnJB7Jg.woff2             112.50 kB
app build: dist/assets/Inter-Black-tY25MZ8m.woff                     124.68 kB
app build: dist/assets/Inter-Bold-DebvEmVN.woff                      128.01 kB
app build: dist/assets/Inter-Regular-C9wQxk6G.woff                   134.65 kB
app build: dist/assets/Inter-Medium-DosJTVus.woff                    142.84 kB
app build: dist/assets/Inter-SemiBold-CUDcKm_l.woff                  143.25 kB
app build: dist/assets/Inter-MediumItalic-C-HF1KIs.woff              149.18 kB
app build: dist/assets/sprite-Cvp8IOkP.svg                           155.48 kB │ gzip:    69.89 kB
app build: dist/assets/material-symbols-BLTCXYgc.woff2               295.10 kB
app build: dist/assets/show-hint-DqpzQ0Fp.css                          0.52 kB │ gzip:     0.31 kB
app build: dist/assets/index-DUWut2ul.css                             17.29 kB │ gzip:     3.14 kB
app build: dist/assets/input-rich-text-html-D0_5luDc.css              88.74 kB │ gzip:    13.63 kB
app build: dist/assets/index-CVJQHrA8.css                            554.08 kB │ gzip:    81.17 kB
app build: dist/assets/sw-KE-CIEyP2s7.js                               0.03 kB │ gzip:     0.05 kB
app build: dist/assets/sw-TZ-CIEyP2s7.js                               0.03 kB │ gzip:     0.05 kB
app build: dist/assets/tg-TJ-CIEyP2s7.js                               0.03 kB │ gzip:     0.05 kB
app build: dist/assets/isSameWeek-CNUnCxZm.js                          0.18 kB │ gzip:     0.17 kB
app build: dist/assets/ug-DPjnv-8A.js                                  0.18 kB │ gzip:     0.21 kB
app build: dist/assets/formatRelative-Dv7OIDgt.js                      0.19 kB │ gzip:     0.17 kB
app build: dist/assets/ko-BclfT1S2.js                                  0.21 kB │ gzip:     0.23 kB
app build: dist/assets/zh-tw-CWNUtgPu.js                               0.21 kB │ gzip:     0.24 kB
app build: dist/assets/ja-VO0dQThx.js                                  0.22 kB │ gzip:     0.26 kB
app build: dist/assets/en-au-CElxw9BR.js                               0.23 kB │ gzip:     0.20 kB
app build: dist/assets/en-gb-xoqFlaE3.js                               0.23 kB │ gzip:     0.20 kB
app build: dist/assets/en-nz-DZvNuVZQ.js                               0.23 kB │ gzip:     0.20 kB
app build: dist/assets/zh-cn-BtEXDR8h.js                               0.24 kB │ gzip:     0.26 kB
app build: dist/assets/he-0MgNsFfp.js                                  0.26 kB │ gzip:     0.24 kB
app build: dist/assets/es-us-Bnv27Evl.js                               0.27 kB │ gzip:     0.22 kB
app build: dist/assets/nn-DVG1X-2R.js                                  0.27 kB │ gzip:     0.22 kB
app build: dist/assets/nl-DK4fNwkM.js                                  0.27 kB │ gzip:     0.22 kB
app build: dist/assets/tr-nWAx0x6b.js                                  0.27 kB │ gzip:     0.23 kB
app build: dist/assets/af-_28_aPkP.js                                  0.27 kB │ gzip:     0.22 kB
app build: dist/assets/hu-DGnG1A8G.js                                  0.27 kB │ gzip:     0.24 kB
app build: dist/assets/bg-B1JabSYP.js                                  0.27 kB │ gzip:     0.29 kB
app build: dist/assets/da-1b7t9EQM.js                                  0.28 kB │ gzip:     0.22 kB
app build: dist/assets/bn-C-JXl2PU.js                                  0.28 kB │ gzip:     0.29 kB
app build: dist/assets/ar-JVIsLnCE.js                                  0.28 kB │ gzip:     0.27 kB
app build: dist/assets/eo-C0r_IOYz.js                                  0.28 kB │ gzip:     0.22 kB
app build: dist/assets/mk-Bb69r59O.js                                  0.28 kB │ gzip:     0.29 kB
app build: dist/assets/cy-uIXFMCYY.js                                  0.28 kB │ gzip:     0.22 kB
app build: dist/assets/ne-DE44C4nT.js                                  0.28 kB │ gzip:     0.31 kB
app build: dist/assets/pt-BEOdVjin.js                                  0.28 kB │ gzip:     0.23 kB
app build: dist/assets/ar-dz-BYyoW5bv.js                               0.28 kB │ gzip:     0.27 kB
app build: dist/assets/ar-sa-rZtZT4t8.js                               0.28 kB │ gzip:     0.27 kB
app build: dist/assets/ar-tn-DRliwBAX.js                               0.28 kB │ gzip:     0.27 kB
app build: dist/assets/ar-kw-DkL0acqU.js                               0.28 kB │ gzip:     0.27 kB
app build: dist/assets/ar-ly-DzhaKOfe.js                               0.28 kB │ gzip:     0.27 kB
app build: dist/assets/ar-ma-S3iX-fpR.js                               0.28 kB │ gzip:     0.27 kB
app build: dist/assets/eu-B8WGPnxW.js                                  0.28 kB │ gzip:     0.22 kB
app build: dist/assets/is-DRp0RsYz.js                                  0.28 kB │ gzip:     0.24 kB
app build: dist/assets/sl-OeJpqR8V.js                                  0.28 kB │ gzip:     0.23 kB
app build: dist/assets/uz-DjJNMNnn.js                                  0.28 kB │ gzip:     0.23 kB
app build: dist/assets/lt-gsORpIwD.js                                  0.29 kB │ gzip:     0.24 kB
app build: dist/assets/ca-DPJaEvO_.js                                  0.29 kB │ gzip:     0.23 kB
app build: dist/assets/cs-D_eu4svW.js                                  0.29 kB │ gzip:     0.26 kB
app build: dist/assets/fr-ca-DvKGJDEU.js                               0.29 kB │ gzip:     0.24 kB
app build: dist/assets/lb-rjeOtTUB.js                                  0.29 kB │ gzip:     0.23 kB
app build: dist/assets/lv-0469Mz6N.js                                  0.29 kB │ gzip:     0.25 kB
app build: dist/assets/id-Bn7suh2i.js                                  0.29 kB │ gzip:     0.23 kB
app build: dist/assets/kk-DtOooNsd.js                                  0.29 kB │ gzip:     0.31 kB
app build: dist/assets/ka-BSX3F3cs.js                                  0.29 kB │ gzip:     0.30 kB
app build: dist/assets/fa-DMcZc0Uj.js                                  0.29 kB │ gzip:     0.28 kB
app build: dist/assets/vi-DyHn0SRo.js                                  0.29 kB │ gzip:     0.29 kB
app build: dist/assets/az-BArG7S63.js                                  0.29 kB │ gzip:     0.26 kB
app build: dist/assets/fi-CXM2A7Fy.js                                  0.29 kB │ gzip:     0.24 kB
app build: dist/assets/sr-CCKYIdNG.js                                  0.30 kB │ gzip:     0.25 kB
app build: dist/assets/pl-8FWohiNn.js                                  0.30 kB │ gzip:     0.24 kB
app build: dist/assets/sq-BXlRdXas.js                                  0.30 kB │ gzip:     0.25 kB
app build: dist/assets/ru-DoXl6lJb.js                                  0.30 kB │ gzip:     0.30 kB
app build: dist/assets/et-BEltiP6o.js                                  0.30 kB │ gzip:     0.24 kB
app build: dist/assets/hi-N-_mnroV.js                                  0.30 kB │ gzip:     0.33 kB
app build: dist/assets/sr-cyrl-BJ1Exp4k.js                             0.30 kB │ gzip:     0.30 kB
app build: dist/assets/hr-BtwKIOlQ.js                                  0.30 kB │ gzip:     0.25 kB
app build: dist/assets/ro-Cl8ZRrT5.js                                  0.30 kB │ gzip:     0.25 kB
app build: dist/assets/bs-W2ypyBhS.js                                  0.30 kB │ gzip:     0.25 kB
app build: dist/assets/fr-ch-CoIYQTTX.js                               0.30 kB │ gzip:     0.25 kB
app build: dist/assets/sk-XMk1AXgk.js                                  0.31 kB │ gzip:     0.26 kB
app build: dist/assets/it-g_qmz2aL.js                                  0.31 kB │ gzip:     0.24 kB
app build: dist/assets/el-Crmizxop.js                                  0.31 kB │ gzip:     0.31 kB
app build: dist/assets/hy-am-D2damuje.js                               0.31 kB │ gzip:     0.31 kB
app build: dist/assets/uk-DS-g277L.js                                  0.31 kB │ gzip:     0.32 kB
app build: dist/assets/ta-in-RVxb_NFL.js                               0.32 kB │ gzip:     0.32 kB
app build: dist/assets/ms-ghG5JKnb.js                                  0.32 kB │ gzip:     0.25 kB
app build: dist/assets/th-CkqJY8LF.js                                  0.32 kB │ gzip:     0.32 kB
app build: dist/assets/fr-CQ7PX3zI.js                                  0.33 kB │ gzip:     0.26 kB
app build: dist/assets/nb-Dad7pRLV.js                                  0.47 kB │ gzip:     0.32 kB
app build: dist/assets/ruby-C8bwMi3s.js                                0.50 kB │ gzip:     0.36 kB
app build: dist/assets/stex-Y-PuYWA1.js                                0.50 kB │ gzip:     0.36 kB
app build: dist/assets/htmlmixed-V09ARjJK.js                           0.50 kB │ gzip:     0.36 kB
app build: dist/assets/matchbrackets-BLWDBOP7.js                       0.50 kB │ gzip:     0.36 kB
app build: dist/assets/xml-wG9R8qIj.js                                 0.50 kB │ gzip:     0.36 kB
app build: dist/assets/gl-ZDiWBy_x.js                                  0.64 kB │ gzip:     0.38 kB
app build: dist/assets/es-DvScwAe4.js                                  0.64 kB │ gzip:     0.39 kB
app build: dist/assets/si-LK-BFeKlcrN.js                               0.64 kB │ gzip:     0.47 kB
app build: dist/assets/sv-LVjaGM8m.js                                  0.65 kB │ gzip:     0.41 kB
app build: dist/assets/@directus_extensions-sdk.SoNmVyc8.entry.js      0.67 kB │ gzip:     0.38 kB
app build: dist/assets/pt-br-OJKF2--T.js                               0.70 kB │ gzip:     0.40 kB
app build: dist/assets/de-B3aFfmNl.js                                  0.78 kB │ gzip:     0.45 kB
app build: dist/assets/de-at-jiaPoFI2.js                               0.78 kB │ gzip:     0.46 kB
app build: dist/assets/en-GB-LjOLLlaM.js                               0.88 kB │ gzip:     0.46 kB
app build: dist/assets/en-ZA-DUjgBF38.js                               0.88 kB │ gzip:     0.46 kB
app build: dist/assets/en-AU-C1_Ed2Sm.js                               0.89 kB │ gzip:     0.46 kB
app build: dist/assets/en-NZ-JS01b9y9.js                               0.89 kB │ gzip:     0.46 kB
app build: dist/assets/en-IN-DL0BZqfO.js                               0.89 kB │ gzip:     0.47 kB
app build: dist/assets/diff-DcZyIP_X.js                                0.93 kB │ gzip:     0.58 kB
app build: dist/assets/fr-B1EpXvPv.js                                  0.93 kB │ gzip:     0.49 kB
app build: dist/assets/fr-CA-Cr4X_7pw.js                               0.94 kB │ gzip:     0.49 kB
app build: dist/assets/haskell-literate-CxOcQ55L.js                    1.05 kB │ gzip:     0.60 kB
app build: dist/assets/fr-CH-BnKeSgZ7.js                               1.09 kB │ gzip:     0.58 kB
app build: dist/assets/autorefresh-BU4w6AG6.js                         1.22 kB │ gzip:     0.61 kB
app build: dist/assets/brainfuck-58y5AXdf.js                           1.23 kB │ gzip:     0.66 kB
app build: dist/assets/overlay-DyBi9xEH.js                             1.28 kB │ gzip:     0.51 kB
app build: dist/assets/properties-Bi95sbLR.js                          1.33 kB │ gzip:     0.69 kB
app build: dist/assets/cmake-C6veF_W8.js                               1.39 kB │ gzip:     0.79 kB
app build: dist/assets/htmlembedded-05lj4V6y.js                        1.40 kB │ gzip:     0.69 kB
app build: dist/assets/yaml-frontmatter-BcQnsNzq.js                    1.48 kB │ gzip:     0.75 kB
app build: dist/assets/protobuf-CojCxJiu.js                            1.51 kB │ gzip:     0.87 kB
app build: dist/assets/solr-PkCfUfQx.js                                1.55 kB │ gzip:     0.82 kB
app build: dist/assets/asciiarmor-CSFEQ62O.js                          1.57 kB │ gzip:     0.77 kB
app build: dist/assets/http-DEc_FO_a.js                                1.62 kB │ gzip:     0.82 kB
app build: dist/assets/troff-CGaKsxXZ.js                               1.66 kB │ gzip:     0.78 kB
app build: dist/assets/toml-Anqegdhx.js                                1.71 kB │ gzip:     0.82 kB
app build: dist/assets/active-line-DmMijVFU.js                         1.72 kB │ gzip:     0.84 kB
app build: dist/assets/spreadsheet-_TAa2vlR.js                         1.76 kB │ gzip:     0.86 kB
app build: dist/assets/handlebars-B64_os_Q.js                          1.76 kB │ gzip:     0.83 kB
app build: dist/assets/tornado-BZB1JiyF.js                             1.76 kB │ gzip:     0.94 kB
app build: dist/assets/pegjs-CYEPDFsS.js                               1.97 kB │ gzip:     0.95 kB
app build: dist/assets/en-CA-CpN6Fvl-.js                               1.98 kB │ gzip:     0.80 kB
app build: dist/assets/mbox-C-jhFOl1.js                                2.03 kB │ gzip:     1.00 kB
app build: dist/assets/mark-selection-DUMmB2sJ.js                      2.15 kB │ gzip:     1.01 kB
app build: dist/assets/vue-B1ZkUyef.js                                 2.15 kB │ gzip:     0.96 kB
app build: dist/assets/km-KH-BPjKOhO1.js                               2.16 kB │ gzip:     1.14 kB
app build: dist/assets/yaml-BnenIoDe.js                                2.17 kB │ gzip:     1.07 kB
app build: dist/assets/factor-E2U5xUa8.js                              2.22 kB │ gzip:     0.92 kB
app build: dist/assets/sieve-C37mdy4x.js                               2.23 kB │ gzip:     1.09 kB
app build: dist/assets/rpm-DxjfoZLP.js                                 2.30 kB │ gzip:     1.16 kB
app build: dist/assets/multiplex-DsexNoIT.js                           2.33 kB │ gzip:     0.94 kB
app build: dist/assets/z80-CTnZ2qDr.js                                 2.36 kB │ gzip:     1.15 kB
app build: dist/assets/eiffel-DhOWPAVY.js                              2.39 kB │ gzip:     1.23 kB
app build: dist/assets/elm-yO7ZWNcA.js                                 2.49 kB │ gzip:     1.14 kB
app build: dist/assets/mathematica-C5w4ETmo.js                         2.51 kB │ gzip:     1.13 kB
app build: dist/assets/dockerfile-76dlMuSC.js                          2.52 kB │ gzip:     0.99 kB
app build: dist/assets/de-DiLdUYuG.js                                  2.53 kB │ gzip:     0.92 kB
app build: dist/assets/de-AT-CYSWWph7.js                               2.54 kB │ gzip:     0.93 kB
app build: dist/assets/twig-BY5Pd19S.js                                2.56 kB │ gzip:     1.18 kB
app build: dist/assets/turtle-B5J3ObaT.js                              2.57 kB │ gzip:     1.21 kB
app build: dist/assets/smalltalk-C7VWt6E9.js                           2.59 kB │ gzip:     1.17 kB
app build: dist/assets/haml-CuYjzsPp.js                                2.64 kB │ gzip:     1.11 kB
app build: dist/assets/dtd-ChG9fxQF.js                                 2.67 kB │ gzip:     1.21 kB
app build: dist/assets/mumps-B76wTg1S.js                               2.68 kB │ gzip:     1.31 kB
app build: dist/assets/jsx-Yre0RE-a.js                                 2.68 kB │ gzip:     1.23 kB
app build: dist/assets/rust-458Sjgfe.js                                2.70 kB │ gzip:     1.26 kB
app build: dist/assets/fcl-ClFo7R57.js                                 2.72 kB │ gzip:     1.29 kB
app build: dist/assets/yacas-0SavkxM_.js                               2.75 kB │ gzip:     1.40 kB
app build: dist/assets/ka-GE-GMxj7JM0.js                               2.78 kB │ gzip:     1.22 kB
app build: dist/assets/ntriples-DzMjlhXc.js                            2.82 kB │ gzip:     1.10 kB
app build: dist/assets/pascal-DbTFlfI9.js                              2.83 kB │ gzip:     1.46 kB
app build: dist/assets/htmlmixed-AVB6Qvbf.js                           2.84 kB │ gzip:     1.31 kB
app build: dist/assets/apl-qtjRkNeP.js                                 2.86 kB │ gzip:     1.68 kB
app build: dist/assets/octave-EK06825v.js                              2.92 kB │ gzip:     1.43 kB
app build: dist/assets/commonlisp-CKi9JMBG.js                          2.93 kB │ gzip:     1.43 kB
app build: dist/assets/ebnf-DZutj0xB.js                                2.94 kB │ gzip:     1.28 kB
app build: dist/assets/tcl-D_CT6Yhd.js                                 2.95 kB │ gzip:     1.54 kB
app build: dist/assets/dart-B9p4gKtl.js                                2.98 kB │ gzip:     1.45 kB
app build: dist/assets/gfm-Cb-cVZNS.js                                 3.06 kB │ gzip:     1.74 kB
app build: dist/assets/match-highlighter-ddoUC2qn.js                   3.13 kB │ gzip:     1.41 kB
app build: dist/assets/puppet-gBFZip2H.js                              3.15 kB │ gzip:     1.51 kB
app build: dist/assets/webidl-jmDKtu4J.js                              3.16 kB │ gzip:     1.58 kB
app build: dist/assets/shell-jhHLYVs4.js                               3.19 kB │ gzip:     1.54 kB
app build: dist/assets/jinja2-Cze-k2pl.js                              3.22 kB │ gzip:     1.37 kB
app build: dist/assets/pig-C3BkPxZa.js                                 3.27 kB │ gzip:     1.79 kB
app build: dist/assets/stex-Ni11qvc6.js                                3.28 kB │ gzip:     1.26 kB
app build: dist/assets/velocity-Dt_2m9Qq.js                            3.30 kB │ gzip:     1.43 kB
app build: dist/assets/forth-BeUsv6bW.js                               3.33 kB │ gzip:     1.74 kB
app build: dist/assets/smarty-C7rIo9w1.js                              3.38 kB │ gzip:     1.45 kB
app build: dist/assets/tiddlywiki-BQRmWxvL.js                          3.40 kB │ gzip:     1.40 kB
app build: dist/assets/go-CdWfqImL.js                                  3.46 kB │ gzip:     1.65 kB
app build: dist/assets/oz-DPKhhsfP.js                                  3.53 kB │ gzip:     1.62 kB
app build: dist/assets/r-xhuMtvwM.js                                   3.61 kB │ gzip:     1.72 kB
app build: dist/assets/modelica-dHHP9c60.js                            3.69 kB │ gzip:     1.75 kB
app build: dist/assets/javascript-hint-CwCWehRK.js                     3.69 kB │ gzip:     1.71 kB
app build: dist/assets/tiki-C0VGG7OG.js                                3.90 kB │ gzip:     1.62 kB
app build: dist/assets/vhdl-CGzl8eSU.js                                3.96 kB │ gzip:     1.85 kB
app build: dist/assets/wast-CO7Iq1v0.js                                4.01 kB │ gzip:     1.88 kB
app build: dist/assets/lua-CzBYhFyr.js                                 4.06 kB │ gzip:     1.79 kB
app build: dist/assets/sparql--f9C1ZzI.js                              4.15 kB │ gzip:     1.95 kB
app build: dist/assets/mscgen-CTNTPu-F.js                              4.25 kB │ gzip:     1.35 kB
app build: dist/assets/d-CiJ2743R.js                                   4.39 kB │ gzip:     2.03 kB
app build: dist/assets/cypher-B3dmMbOT.js                              4.47 kB │ gzip:     2.04 kB
app build: dist/assets/swift-BVzNVI6D.js                               4.56 kB │ gzip:     2.08 kB
app build: dist/assets/vb-CwKOoaWU.js                                  4.56 kB │ gzip:     2.15 kB
app build: dist/assets/asn.1-BlnzzgHD.js                               4.59 kB │ gzip:     2.32 kB
app build: dist/assets/coffeescript-C4CcMFKj.js                        4.61 kB │ gzip:     2.06 kB
app build: dist/assets/q-D5u7_SKb.js                                   4.62 kB │ gzip:     2.00 kB
app build: dist/assets/dylan-DsccH2dn.js                               4.62 kB │ gzip:     1.96 kB
app build: dist/assets/vue.wgR5vgTp.entry.js                           4.71 kB │ gzip:     2.05 kB
app build: dist/assets/groovy-7C6BDDwq.js                              4.75 kB │ gzip:     2.09 kB
app build: dist/assets/livescript-DpSs9-Sg.js                          4.79 kB │ gzip:     1.98 kB
app build: dist/assets/ttcn-cfg-BxBAtwiX.js                            4.80 kB │ gzip:     2.09 kB
app build: dist/assets/match-FFiWuWE_.js                               4.81 kB │ gzip:     1.82 kB
app build: dist/assets/ko-DBVkjUcY.js                                  4.82 kB │ gzip:     2.00 kB
app build: dist/assets/gas-BnWQsI3K.js                                 4.93 kB │ gzip:     1.58 kB
app build: dist/assets/haskell-DwMH9MQ3.js                             4.94 kB │ gzip:     2.27 kB
app build: dist/assets/match-CAWn-TXG.js                               4.96 kB │ gzip:     1.51 kB
app build: dist/assets/zh-TW-DSZXALnq.js                               4.98 kB │ gzip:     2.20 kB
app build: dist/assets/asterisk-pIK0YHji.js                            5.08 kB │ gzip:     2.10 kB
app build: dist/assets/sass-BSslJ2sT.js                                5.09 kB │ gzip:     1.97 kB
app build: dist/assets/ja-CF3JZWJZ.js                                  5.16 kB │ gzip:     2.21 kB
app build: dist/assets/django-HLjyS9kw.js                              5.17 kB │ gzip:     1.85 kB
app build: dist/assets/zh-CN-B-92WtEp.js                               5.22 kB │ gzip:     2.28 kB
app build: dist/assets/fortran-CQobbVH5.js                             5.27 kB │ gzip:     2.34 kB
app build: dist/assets/ht-Dr0VtPXQ.js                                  5.28 kB │ gzip:     2.02 kB
app build: dist/assets/nl-BE-Bh_-gGzS.js                               5.32 kB │ gzip:     2.01 kB
app build: dist/assets/nl-hMgd_gQ8.js                                  5.32 kB │ gzip:     2.01 kB
app build: dist/assets/nb-BN8CdcI5.js                                  5.37 kB │ gzip:     2.01 kB
app build: dist/assets/ruby-CUYkJzDl.js                                5.38 kB │ gzip:     2.27 kB
app build: dist/assets/mllike-ukQFgLq0.js                              5.46 kB │ gzip:     1.86 kB
app build: dist/assets/nn-LHHymk8Q.js                                  5.47 kB │ gzip:     2.07 kB
app build: dist/assets/eo-C1osx6Wa.js                                  5.52 kB │ gzip:     2.10 kB
app build: dist/assets/gu-BnSMQf43.js                                  5.56 kB │ gzip:     2.30 kB
app build: dist/assets/mk-CWjjP3Aq.js                                  5.59 kB │ gzip:     2.41 kB
app build: dist/assets/uz-ChRhzy4e.js                                  5.61 kB │ gzip:     1.99 kB
app build: dist/assets/pinia.CgQSnxxV.entry.js                         5.66 kB │ gzip:     2.57 kB
app build: dist/assets/ug-CzXZ7xkU.js                                  5.71 kB │ gzip:     2.16 kB
app build: dist/assets/hu-nyZNfkbl.js                                  5.72 kB │ gzip:     2.33 kB
app build: dist/assets/crystal-7vaR9Cf9.js                             5.74 kB │ gzip:     2.40 kB
app build: dist/assets/sq-DMX0hS6z.js                                  5.74 kB │ gzip:     2.14 kB
app build: dist/assets/ecl-BWt1xBz3.js                                 5.75 kB │ gzip:     2.63 kB
app build: dist/assets/ms-DQzlo0c-.js                                  5.77 kB │ gzip:     1.98 kB
app build: dist/assets/id-C7-hEaTt.js                                  5.78 kB │ gzip:     1.98 kB
app build: dist/assets/ttcn-D3FmVCCF.js                                5.85 kB │ gzip:     2.62 kB
app build: dist/assets/af-CRShuiEt.js                                  5.86 kB │ gzip:     2.11 kB
app build: dist/assets/da-DjxhU1-y.js                                  5.87 kB │ gzip:     2.08 kB
app build: dist/assets/ro-Y46hhFzf.js                                  5.90 kB │ gzip:     2.14 kB
app build: dist/assets/is-CNJbnPPl.js                                  5.93 kB │ gzip:     2.16 kB
app build: (!) Some chunks are larger than 500 kB after minification. Consider:
app build: - Using dynamic import() to code-split the application
app build: - Use build.rollupOptions.output.manualChunks to improve chunking: https://rollupjs.org/configuration-options/#output-manualchunks
app build: - Adjust chunk size limit for this warning via build.chunkSizeWarningLimit.
app build: dist/assets/tr-BBq0o_zj.js                                  5.94 kB │ gzip:     2.28 kB
app build: dist/assets/sv-B3755lF5.js                                  5.94 kB │ gzip:     2.21 kB
app build: dist/assets/fa-IR-_O-jqlCe.js                               5.96 kB │ gzip:     2.43 kB
app build: dist/assets/hy-70rMehY9.js                                  5.97 kB │ gzip:     2.42 kB
app build: dist/assets/bg-BSCq9DFI.js                                  5.98 kB │ gzip:     2.64 kB
app build: dist/assets/gl-CkHPA68b.js                                  6.03 kB │ gzip:     2.17 kB
app build: dist/assets/mt-DxzrFtvM.js                                  6.04 kB │ gzip:     2.21 kB
app build: dist/assets/hi-iY6tMEGo.js                                  6.06 kB │ gzip:     2.49 kB
app build: dist/assets/julia-BJVMqWWM.js                               6.07 kB │ gzip:     2.51 kB
app build: dist/assets/pt-BR-VSSvi2QD.js                               6.11 kB │ gzip:     2.23 kB
app build: dist/assets/es-CT1wFYI-.js                                  6.20 kB │ gzip:     2.18 kB
app build: dist/assets/pt-C3XNVBCa.js                                  6.22 kB │ gzip:     2.15 kB
app build: dist/assets/th-BsqfM9fV.js                                  6.28 kB │ gzip:     2.47 kB
app build: dist/assets/el-CzFhnY1o.js                                  6.30 kB │ gzip:     2.76 kB
app build: dist/assets/ka-CfUKOo0h.js                                  6.38 kB │ gzip:     2.36 kB
app build: dist/assets/he-7PmmcWXB.js                                  6.42 kB │ gzip:     2.55 kB
app build: dist/assets/it-Dr0oNAYr.js                                  6.42 kB │ gzip:     2.20 kB
app build: dist/assets/gd-CAIGOI02.js                                  6.44 kB │ gzip:     2.36 kB
app build: dist/assets/eu-DEMcAwDB.js                                  6.46 kB │ gzip:     2.14 kB
app build: dist/assets/vbscript-D-P6sH-9.js                            6.48 kB │ gzip:     2.92 kB
app build: dist/assets/mirc-C0bIz0FC.js                                6.53 kB │ gzip:     3.02 kB
app build: dist/assets/fi-B_GBdrrU.js                                  6.55 kB │ gzip:     2.25 kB
app build: dist/assets/cy-Hm9YCvQ5.js                                  6.58 kB │ gzip:     2.35 kB
app build: dist/assets/ar-SA-Lz4e3dLx.js                               6.59 kB │ gzip:     2.44 kB
app build: dist/assets/ar-MA-jE-6yagp.js                               6.61 kB │ gzip:     2.45 kB
app build: dist/assets/ku-TR-J1sgNKdl.js                               6.61 kB │ gzip:     2.85 kB
app build: dist/assets/az-CFEMoKNI.js                                  6.63 kB │ gzip:     2.40 kB
app build: dist/assets/ar-DZ-q25iAtDD.js                               6.66 kB │ gzip:     2.48 kB
app build: dist/assets/bn-C_xGdUYv.js                                  6.71 kB │ gzip:     2.59 kB
app build: dist/assets/te-IN-B4fg5gC-.js                               6.80 kB │ gzip:     3.45 kB
app build: dist/assets/cobol-7nt9y73O.js                               6.82 kB │ gzip:     3.31 kB
app build: dist/assets/ca-y-DZmw7A.js                                  6.94 kB │ gzip:     2.38 kB
app build: dist/assets/scheme-DUyQGAGi.js                              6.97 kB │ gzip:     2.70 kB
app build: dist/assets/rst-DNmzfUuA.js                                 7.00 kB │ gzip:     2.40 kB
app build: dist/assets/python-BkejAuOp.js                              7.07 kB │ gzip:     3.08 kB
app build: dist/assets/mn-jUMmyqA0.js                                  7.07 kB │ gzip:     2.61 kB
app build: dist/assets/et-k8mrZ6k6.js                                  7.18 kB │ gzip:     2.19 kB
app build: dist/assets/vi-DqaX6Wp9.js                                  7.28 kB │ gzip:     2.63 kB
app build: dist/assets/xquery-Be7YGnAs.js                              7.32 kB │ gzip:     2.89 kB
app build: dist/assets/nsis-Bde5s0Ti.js                                7.38 kB │ gzip:     3.31 kB
app build: dist/assets/te-BFS2C544.js                                  7.41 kB │ gzip:     2.53 kB
app build: dist/assets/textile-DksAAPj9.js                             7.49 kB │ gzip:     2.78 kB
app build: dist/assets/lb-D8l-Idmt.js                                  7.71 kB │ gzip:     2.49 kB
app build: dist/assets/kn-CHbUymx-.js                                  7.77 kB │ gzip:     2.60 kB
app build: dist/assets/slim-DcAcu6rV.js                                7.91 kB │ gzip:     2.92 kB
app build: dist/assets/nginx-DgTeDD-Y.js                               7.95 kB │ gzip:     3.06 kB
app build: dist/assets/lt-sOJQ1FKu.js                                  7.97 kB │ gzip:     2.70 kB
app build: dist/assets/sr--4mWrp5c.js                                  8.18 kB │ gzip:     2.70 kB
app build: dist/assets/sk-DVZ8lHSC.js                                  8.21 kB │ gzip:     2.79 kB
app build: dist/assets/ta-CCY9tp3W.js                                  8.22 kB │ gzip:     2.78 kB
app build: dist/assets/sr-Latn-DB9gphay.js                             8.24 kB │ gzip:     2.46 kB
app build: dist/assets/powershell-BANLbKAD.js                          8.42 kB │ gzip:     3.67 kB
app build: dist/assets/pl-1EitqvTM.js                                  8.46 kB │ gzip:     2.83 kB
app build: dist/assets/pug-DfGEB7sb.js                                 8.49 kB │ gzip:     2.64 kB
app build: dist/assets/hr-CA96B27O.js                                  8.51 kB │ gzip:     2.57 kB
app build: dist/assets/gherkin-rfPfU8y0.js                             8.58 kB │ gzip:     5.49 kB
app build: dist/assets/haxe-DSwJnz9t.js                                8.65 kB │ gzip:     3.31 kB
app build: dist/assets/lv-BqAlnOAP.js                                  8.70 kB │ gzip:     2.57 kB
app build: dist/assets/erlang-BpGCe_-p.js                              8.72 kB │ gzip:     3.24 kB
app build: dist/assets/fo-FO-C8VkGziH.js                               8.78 kB │ gzip:     3.40 kB
app build: dist/assets/bn-IN-D7zOC6lT.js                               8.98 kB │ gzip:     3.92 kB
app build: dist/assets/af-ZA-BAgyiyXa.js                               9.86 kB │ gzip:     3.60 kB
app build: dist/assets/sas-CT_se2tR.js                                 9.91 kB │ gzip:     4.43 kB
app build: dist/assets/kk--T9upYaL.js                                 10.17 kB │ gzip:     3.07 kB
app build: dist/assets/perl-zRqMeMXM.js                               10.39 kB │ gzip:     3.80 kB
app build: dist/assets/cs-BQNsNc_0.js                                 10.41 kB │ gzip:     2.83 kB
app build: dist/assets/uk-D1YVs_gS.js                                 10.54 kB │ gzip:     3.33 kB
app build: dist/assets/ru-M-XqzvPO.js                                 10.54 kB │ gzip:     3.30 kB
app build: dist/assets/be-eIqdg6a4.js                                 10.78 kB │ gzip:     3.36 kB
app build: dist/assets/soy-B-yz_vcB.js                                10.81 kB │ gzip:     3.54 kB
app build: dist/assets/sl-BiovlQ-a.js                                 10.85 kB │ gzip:     2.85 kB
app build: dist/assets/verilog-Bit8JHFz.js                            11.12 kB │ gzip:     4.60 kB
app build: dist/assets/show-hint-CwXYbMz5.js                          11.12 kB │ gzip:     4.13 kB
app build: dist/assets/jsonlint--2yu7YVM.js                           11.37 kB │ gzip:     4.44 kB
app build: dist/assets/clojure-DM5tESMi.js                            11.53 kB │ gzip:     4.37 kB
app build: dist/assets/idl-BYzt77vr.js                                12.26 kB │ gzip:     4.89 kB
app build: dist/assets/ms-MY-aSf3-Hmv.js                              12.67 kB │ gzip:     4.62 kB
app build: dist/assets/sr-SP-BY0Ihd9g.js                              13.63 kB │ gzip:     5.58 kB
app build: dist/assets/php-jz92c9gu.js                                14.35 kB │ gzip:     5.53 kB
app build: dist/assets/az-AZ-Cpf-zHHl.js                              14.57 kB │ gzip:     5.06 kB
app build: dist/assets/he-IL-CR-tHeJz.js                              16.01 kB │ gzip:     6.00 kB
app build: dist/assets/clike-BWQr0VWt.js                              21.52 kB │ gzip:     7.74 kB
app build: dist/assets/is-IS-il6FCz_d.js                              21.97 kB │ gzip:     8.35 kB
app build: dist/assets/vue-router.CUNOcKiw.entry.js                   25.47 kB │ gzip:    10.29 kB
app build: dist/assets/vue.runtime.esm-bundler-5xC1UApn.js            26.10 kB │ gzip:    10.82 kB
app build: dist/assets/stylus-DPsvSrRZ.js                             26.52 kB │ gzip:     9.09 kB
app build: dist/assets/hi-IN-CAShrw1A.js                              26.76 kB │ gzip:    10.69 kB
app build: dist/assets/css-Ckoj8xEf.js                                27.81 kB │ gzip:     8.75 kB
app build: dist/assets/el-GR-9oh9jfbv.js                              28.12 kB │ gzip:    10.68 kB
app build: dist/assets/index-BcEbTuQ9.js                              46.65 kB │ gzip:    19.12 kB
app build: dist/assets/vue-i18n.CR_BJTw4.entry.js                     47.61 kB │ gzip:    16.27 kB
app build: dist/assets/sql-ON0ADx6N.js                                47.88 kB │ gzip:    14.21 kB
app build: dist/assets/no-NO-DcLvDlD_.js                              53.05 kB │ gzip:    17.34 kB
app build: dist/assets/eo-UY-lyIJ4KgC.js                              57.29 kB │ gzip:    18.77 kB
app build: dist/assets/br-FR-7KEOVXnj.js                              65.50 kB │ gzip:    20.88 kB
app build: dist/assets/sr-CS-BC0m_BLM.js                              66.88 kB │ gzip:    22.21 kB
app build: dist/assets/vi-VN-ComQP-dq.js                              68.70 kB │ gzip:    23.79 kB
app build: dist/assets/ja-JP-DKAMv7zS.js                              73.09 kB │ gzip:    28.98 kB
app build: dist/assets/sl-SI-Bkm9IRmn.js                              74.12 kB │ gzip:    24.58 kB
app build: dist/assets/th-TH-DgnFPmTa.js                              74.14 kB │ gzip:    28.10 kB
app build: dist/assets/et-EE-CdvjmWQp.js                              76.54 kB │ gzip:    25.61 kB
app build: dist/assets/pt-PT-BueTVqg6.js                              78.63 kB │ gzip:    25.13 kB
app build: dist/assets/runtime-core.esm-bundler-ClgvGijD.js           83.21 kB │ gzip:    32.94 kB
app build: dist/assets/en-CA-QRi_97wV.js                              84.05 kB │ gzip:    26.65 kB
app build: dist/assets/zh-TW-DeysaneG.js                              86.84 kB │ gzip:    36.21 kB
app build: dist/assets/id-ID-Dw08yDR2.js                              88.61 kB │ gzip:    28.12 kB
app build: dist/assets/fi-FI-DGoNUZKO.js                              92.51 kB │ gzip:    30.34 kB
app build: dist/assets/sv-SE-BBJFS4PC.js                              95.25 kB │ gzip:    30.66 kB
app build: dist/assets/ca-ES-Dqt2Wjp-.js                              95.62 kB │ gzip:    30.62 kB
app build: dist/assets/ne-NP-DEYXXE2j.js                              98.54 kB │ gzip:    36.42 kB
app build: dist/assets/ro-RO-DiqPKB5I.js                             101.66 kB │ gzip:    32.54 kB
app build: dist/assets/nl-NL-DGjhcMuA.js                             106.00 kB │ gzip:    33.56 kB
app build: dist/assets/bs-BA-D3aJrxC4.js                             106.01 kB │ gzip:    33.88 kB
app build: dist/assets/en-GB-BAkLfjnm.js                             106.18 kB │ gzip:    33.54 kB
app build: dist/assets/zh-CN-C7ej6tDU.js                             108.80 kB │ gzip:    45.55 kB
app build: dist/assets/ko-KR-49MMgkrP.js                             109.29 kB │ gzip:    44.02 kB
app build: dist/assets/da-DK-CDcFKEgG.js                             111.17 kB │ gzip:    35.75 kB
app build: dist/assets/fa-IR-0qpnBaPY.js                             112.64 kB │ gzip:    40.35 kB
app build: dist/assets/hu-HU-oyccSvBQ.js                             113.47 kB │ gzip:    37.45 kB
app build: dist/assets/ar-SA-Bs8gwlbb.js                             117.27 kB │ gzip:    41.58 kB
app build: dist/assets/tr-TR-BNZzxQs4.js                             131.39 kB │ gzip:    43.27 kB
app build: dist/assets/bg-BG-CdEB3wiN.js                             136.53 kB │ gzip:    47.19 kB
app build: dist/assets/mr-IN-BszUiu7T.js                             137.08 kB │ gzip:    51.16 kB
app build: dist/assets/hr-HR-BxsttotG.js                             138.27 kB │ gzip:    44.48 kB
app build: dist/assets/sk-SK-Dy6lNFfL.js                             138.32 kB │ gzip:    45.77 kB
app build: dist/assets/cs-CZ-ogNiTDRE.js                             138.33 kB │ gzip:    45.80 kB
app build: dist/assets/pl-PL-DTdHstk6.js                             139.24 kB │ gzip:    45.23 kB
app build: dist/assets/ckb-IR-DKDl4iF6.js                            141.55 kB │ gzip:    48.31 kB
app build: dist/assets/mn-MN-DerOVGXK.js                             141.99 kB │ gzip:    48.61 kB
app build: dist/assets/kmr-TR-VRsgk1W9.js                            142.09 kB │ gzip:    45.15 kB
app build: dist/assets/pt-BR-C7sdSzMk.js                             142.59 kB │ gzip:    45.10 kB
app build: dist/assets/uk-UA-D5EOiEjg.js                             142.90 kB │ gzip:    51.32 kB
app build: dist/assets/lt-LT-D1igMIAk.js                             142.94 kB │ gzip:    46.17 kB
app build: dist/assets/sq-AL-C7-FEmTI.js                             144.07 kB │ gzip:    45.98 kB
app build: dist/assets/de-DE-Hy65GGkk.js                             146.05 kB │ gzip:    45.62 kB
app build: dist/assets/it-IT-CLAb84-l.js                             146.94 kB │ gzip:    44.94 kB
app build: dist/assets/ru-RU-Bd7sM3R_.js                             146.96 kB │ gzip:    52.15 kB
app build: dist/assets/es-419-DCcG9y8y.js                            147.35 kB │ gzip:    46.18 kB
app build: dist/assets/es-MX-7sg_ZgLr.js                             147.53 kB │ gzip:    45.80 kB
app build: dist/assets/es-ES-BXyvAKI0.js                             147.56 kB │ gzip:    46.15 kB
app build: dist/assets/es-CL-BWTX-isQ.js                             147.58 kB │ gzip:    46.13 kB
app build: dist/assets/fr-CA-CF9Z8j36.js                             149.61 kB │ gzip:    46.25 kB
app build: dist/assets/fr-FR-CE_HHS1z.js                             149.68 kB │ gzip:    46.23 kB
app build: dist/assets/index-CQsZK4H4.js                             450.99 kB │ gzip:   125.46 kB
app build: dist/assets/input-rich-text-html-yAjpMqHM.js            1,238.98 kB │ gzip:   429.72 kB
app build: dist/assets/index.DWTaRzZ-.entry.js                     5,883.80 kB │ gzip: 1,759.98 kB
app build: ✓ built in 45.24s
app build: Done
api build$ rimraf ./dist && tsc --project tsconfig.prod.json && copyfiles "src/**/*.{yaml,liquid}" -u 1 dist
api build: Done

> test
> pnpm --recursive --filter '!tests-blackbox' test

Scope: 40 of 42 workspace projects
packages/format-title test$ vitest --watch=false
packages/release-notes-generator test$ vitest --watch=false
packages/random test$ vitest --watch=false
packages/storage test$ vitest --watch=false
packages/format-title test:  RUN  v2.1.9 /workspace/directus/packages/format-title
packages/random test:  RUN  v2.1.9 /workspace/directus/packages/random
packages/storage test:  RUN  v2.1.9 /workspace/directus/packages/storage
packages/release-notes-generator test:  RUN  v2.1.9 /workspace/directus/packages/release-notes-generator
packages/format-title test:  ✓ src/constants/constants.test.ts (1 test) 2ms
packages/format-title test:  ✓ src/utils/handle-special-words.test.ts (9 tests) 4ms
packages/random test:  ✓ src/alpha.test.ts (1 test) 6ms
packages/random test:  ✓ src/array.test.ts (1 test) 2ms
packages/format-title test:  ✓ src/index.test.ts (5 tests) 7ms
packages/random test:  ✓ src/sequence.test.ts (2 tests) 3ms
packages/storage test:  ✓ src/index.test.ts (6 tests) 24ms
packages/storage test:  Test Files  1 passed (1)
packages/storage test:       Tests  6 passed (6)
packages/storage test:    Start at  23:47:37
packages/storage test:    Duration  1.05s (transform 233ms, setup 0ms, collect 168ms, tests 24ms, environment 0ms, prepare 281ms)
packages/storage test: Done
packages/release-notes-generator test:  ✓ src/utils/generate-markdown.test.ts (3 tests) 34ms
packages/update-check test$ vitest --watch=false
packages/release-notes-generator test:  ✓ src/utils/get-info.test.ts (1 test) 39ms
packages/release-notes-generator test: stderr | src/utils/process-packages.test.ts > should fail if main version is missing
packages/release-notes-generator test: Promise returned by `expect(actual).rejects.toThrow(expected)` was not awaited. Vitest currently auto-awaits hanging assertions at the end of the test, but this will cause the test to fail in Vitest 3. Please remember to await the assertion.
packages/release-notes-generator test:     at /workspace/directus/packages/release-notes-generator/src/utils/process-packages.test.ts:67:32
packages/release-notes-generator test: stderr | src/utils/process-packages.test.ts > should fail with manually defined version when not in prerelease mode
packages/release-notes-generator test: Promise returned by `expect(actual).rejects.toThrow(expected)` was not awaited. Vitest currently auto-awaits hanging assertions at the end of the test, but this will cause the test to fail in Vitest 3. Please remember to await the assertion.
packages/release-notes-generator test:     at /workspace/directus/packages/release-notes-generator/src/utils/process-packages.test.ts:84:32
packages/release-notes-generator test:  ✓ src/utils/process-packages.test.ts (10 tests) 41ms
packages/format-title test:  ✓ src/utils/capitalize.test.ts (1 test) 2ms
packages/random test:  ✓ src/integer.test.ts (1 test) 2ms
packages/format-title test:  ✓ src/utils/decamelize.test.ts (1 test) 2ms
packages/random test:  ✓ src/identifier.test.ts (1 test) 4ms
packages/format-title test:  ✓ src/utils/combine.test.ts (1 test) 2ms
packages/random test:  ✓ src/uuid.test.ts (2 tests) 3ms
packages/format-title test:  Test Files  6 passed (6)
packages/format-title test:       Tests  18 passed (18)
packages/format-title test:    Start at  23:47:37
packages/format-title test:    Duration  1.78s (transform 493ms, setup 0ms, collect 719ms, tests 19ms, environment 5ms, prepare 1.65s)
packages/random test:  Test Files  6 passed (6)
packages/random test:       Tests  8 passed (8)
packages/random test:    Start at  23:47:37
packages/random test:    Duration  1.77s (transform 715ms, setup 0ms, collect 970ms, tests 20ms, environment 3ms, prepare 1.19s)
packages/format-title test: Done
tests/build-memory test$ node --test test.mjs
packages/random test: Done
tests/build-memory test: TAP version 13
packages/release-notes-generator test:  ✓ src/utils/process-release-lines.test.ts (2 tests) 3ms
packages/release-notes-generator test:  Test Files  4 passed (4)
packages/release-notes-generator test:       Tests  16 passed (16)
packages/release-notes-generator test:    Start at  23:47:37
packages/release-notes-generator test:    Duration  1.67s (transform 432ms, setup 0ms, collect 1.02s, tests 117ms, environment 1ms, prepare 804ms)
packages/release-notes-generator test: Done
tests/build-memory test: # Subtest: build and start with in-memory sqlite
tests/build-memory test: ok 1 - build and start with in-memory sqlite # SKIP
tests/build-memory test:   ---
tests/build-memory test:   duration_ms: 0.59136
tests/build-memory test:   type: 'test'
tests/build-memory test:   ...
tests/build-memory test: 1..1
tests/build-memory test: # tests 1
tests/build-memory test: # suites 0
tests/build-memory test: # pass 0
tests/build-memory test: # fail 0
tests/build-memory test: # cancelled 0
tests/build-memory test: # skipped 1
tests/build-memory test: # todo 0
tests/build-memory test: # duration_ms 65.734131
tests/build-memory test: Done
packages/update-check test:  RUN  v2.1.9 /workspace/directus/packages/update-check
packages/update-check test:  ✓ src/index.test.ts (2 tests) 15ms
packages/update-check test:  Test Files  1 passed (1)
packages/update-check test:       Tests  2 passed (2)
packages/update-check test:    Start at  23:47:39
packages/update-check test:    Duration  397ms (transform 65ms, setup 0ms, collect 182ms, tests 15ms, environment 0ms, prepare 69ms)
packages/update-check test: Done
packages/errors test$ vitest --typecheck --watch=false
sdk test$ vitest --typecheck --watch=false
packages/storage-driver-local test$ vitest --watch=false
packages/errors test: Testing types with tsc and vue-tsc is an experimental feature.
packages/errors test: Breaking changes might not follow SemVer, please pin Vitest's version when using it.
sdk test: Testing types with tsc and vue-tsc is an experimental feature.
sdk test: Breaking changes might not follow SemVer, please pin Vitest's version when using it.
packages/errors test:  RUN  v2.1.9 /workspace/directus/packages/errors
packages/storage-driver-local test:  RUN  v2.1.9 /workspace/directus/packages/storage-driver-local
sdk test:  RUN  v2.1.9 /workspace/directus/sdk
packages/errors test:  ✓ src/create-error.test.ts (5 tests) 8ms
sdk test:  ✓ tests/exports.test.ts (2 tests) 21ms
packages/storage-driver-local test:  ✓ src/index.test.ts (28 tests) 106ms
packages/storage-driver-local test:  Test Files  1 passed (1)
packages/storage-driver-local test:       Tests  28 passed (28)
packages/storage-driver-local test:    Start at  23:47:40
packages/storage-driver-local test:    Duration  1.01s (transform 240ms, setup 0ms, collect 352ms, tests 106ms, environment 2ms, prepare 187ms)
packages/storage-driver-local test: Done
packages/errors test:  ✓ src/errors/record-not-unique.test.ts (5 tests) 3ms
packages/errors test:  ✓ src/errors/value-out-of-range.test.ts (5 tests) 6ms
packages/errors test:  ✓ src/errors/invalid-foreign-key.test.ts (5 tests) 3ms
packages/errors test:  ✓ src/is-directus-error.test.ts (3 tests) 3ms
packages/errors test:  ✓ src/errors/value-too-long.test.ts (5 tests) 3ms
packages/errors test:  ✓ src/errors/not-null-violation.test.ts (4 tests) 5ms
packages/errors test:  ✓  TS  src/is-directus-error.test-d.ts (4 tests)
packages/errors test:  ✓ src/errors/contains-null-values.test.ts (1 test) 2ms
packages/errors test:  ✓ src/errors/range-not-satisfiable.test.ts (1 test) 3ms
packages/errors test:  ✓ src/errors/invalid-payload.test.ts (1 test) 2ms
packages/errors test:  ✓ src/errors/invalid-query.test.ts (1 test) 3ms
packages/errors test:  ✓ src/errors/limit-exceeded.test.ts (1 test) 2ms
packages/errors test:  ✓ src/errors/hit-rate-limit.test.ts (1 test) 37ms
packages/errors test:  ✓ src/errors/unsupported-media-type.test.ts (1 test) 12ms
packages/errors test:  Test Files  15 passed (15)
packages/errors test:       Tests  43 passed (43)
packages/errors test: Type Errors  no errors
packages/errors test:    Start at  23:47:40
packages/errors test:    Duration  3.32s (transform 639ms, setup 0ms, collect 2.80s, tests 93ms, environment 2ms, prepare 2.25s, typecheck 2.04s)
packages/errors test: Done
sdk test:  ✓  TS  tests/no-schema.test-d.ts (3 tests)
sdk test:  ✓  TS  tests/fields.test-d.ts (4 tests)
sdk test:  ✓  TS  tests/filters.test-d.ts (1 test)
sdk test:  Test Files  4 passed (4)
sdk test:       Tests  10 passed (10)
sdk test: Type Errors  no errors
sdk test:    Start at  23:47:40
sdk test:    Duration  4.95s (transform 35ms, setup 0ms, collect 78ms, tests 21ms, environment 0ms, prepare 197ms, typecheck 4.69s)
sdk test: Done
packages/schema-builder test$ vitest --watch=false
packages/schema-builder test:  RUN  v2.1.9 /workspace/directus/packages/schema-builder
packages/schema-builder test:  ✓ src/builder.test.ts (14 tests) 25ms
packages/schema-builder test:  Test Files  1 passed (1)
packages/schema-builder test:       Tests  14 passed (14)
packages/schema-builder test:    Start at  23:47:45
packages/schema-builder test:    Duration  618ms (transform 124ms, setup 0ms, collect 382ms, tests 25ms, environment 0ms, prepare 77ms)
packages/schema-builder test: Done
packages/utils test$ vitest --watch=false
packages/utils test:  RUN  v2.1.9 /workspace/directus/packages/utils
packages/utils test:  ✓ shared/generate-joi.test.ts (72 tests) 66ms
packages/utils test:  ✓ shared/get-relation.test.ts (8 tests) 16ms
packages/utils test:  ✓ shared/compress.test.ts (19 tests) 14ms
packages/utils test:  ✓ shared/parse-filter.test.ts (25 tests) 15ms
packages/utils test:  ✓ shared/validate-payload.test.ts (17 tests) 27ms
packages/utils test:  ✓ shared/get-filter-operators-for-type.test.ts (9 tests) 30ms
packages/utils test:  ✓ shared/apply-options-data.test.ts (12 tests) 36ms
packages/utils test:  ✓ shared/get-with-arrays.test.ts (8 tests) 4ms
packages/utils test:  ✓ shared/deep-map.test.ts (13 tests) 5ms
packages/utils test:  ✓ shared/functions.test.ts (9 tests) 7ms
packages/utils test:  ✓ shared/add-field-flag.test.ts (4 tests) 3ms
packages/utils test:  ✓ shared/adjust-date.test.ts (9 tests) 6ms
packages/utils test:  ✓ shared/get-collection-type.test.ts (3 tests) 3ms
packages/utils test:  ✓ shared/get-relation-type.test.ts (3 tests) 3ms
packages/utils test:  ✓ shared/sieve-functions.test.ts (6 tests) 4ms
packages/utils test:  ✓ shared/abbreviate-number.test.ts (9 tests) 4ms
packages/utils test:  ✓ shared/parse-filter-function-path.test.ts (6 tests) 3ms
packages/utils test:  ✓ shared/normalize-path.test.ts (10 tests) 4ms
packages/utils test:  ✓ node/process-id.test.ts (2 tests) 5ms
packages/utils test:  ✓ shared/inject-function-results.test.ts (4 tests) 5ms
packages/utils test:  ✓ node/array-helpers.test.ts (5 tests) 3ms
packages/utils test:  ✓ shared/array-helpers.test.ts (5 tests) 4ms
packages/utils test:  ✓ shared/move-in-array.test.ts (4 tests) 3ms
packages/utils test:  ✓ shared/merge-filters.test.ts (4 tests) 3ms
packages/utils test:  ✓ node/path-to-relative-url.test.ts (2 tests) 2ms
packages/utils test:  ✓ shared/parse-json.test.ts (3 tests) 3ms
packages/utils test:  ✓ node/list-folders.test.ts (1 test) 14ms
packages/utils test:  ✓ shared/is-vue-component.test.ts (2 tests) 3ms
packages/utils test:  ✓ shared/is-dynamic-variable.test.ts (8 tests) 3ms
packages/utils test:  ✓ shared/defaults.test.ts (2 tests) 2ms
packages/utils test:  ✓ shared/get-fields-from-template.test.ts (2 tests) 3ms
packages/utils test:  ✓ shared/is-object.test.ts (8 tests) 5ms
packages/utils test: stderr | node/readable-stream-to-string.test.ts > Returns readable stream as string
packages/utils test: Promise returned by `expect(actual).resolves.toBe(expected)` was not awaited. Vitest currently auto-awaits hanging assertions at the end of the test, but this will cause the test to fail in Vitest 3. Please remember to await the assertion.
packages/utils test:     at /workspace/directus/packages/utils/node/readable-stream-to-string.test.ts:9:48
packages/utils test: stderr | node/readable-stream-to-string.test.ts > Returns readable stream as string
packages/utils test: Promise returned by `expect(actual).resolves.toBe(expected)` was not awaited. Vitest currently auto-awaits hanging assertions at the end of the test, but this will cause the test to fail in Vitest 3. Please remember to await the assertion.
packages/utils test:     at /workspace/directus/packages/utils/node/readable-stream-to-string.test.ts:9:48
packages/utils test:  ✓ node/readable-stream-to-string.test.ts (2 tests) 9ms
packages/utils test:  ✓ shared/is-valid-json.test.ts (2 tests) 3ms
packages/utils test:  ✓ shared/get-simple-hash.test.ts (2 tests) 2ms
packages/utils test:  ✓ shared/to-array.test.ts (2 tests) 3ms
packages/utils test:  ✓ shared/get-endpoint.test.ts (2 tests) 3ms
packages/utils test:  ✓ shared/to-boolean.test.ts (11 tests) 4ms
packages/utils test:  ✓ shared/get-redacted-string.test.ts (2 tests) 3ms
packages/utils test:  ✓ node/pluralize.test.ts (2 tests) 2ms
packages/utils test:  ✓ shared/pluralize.test.ts (2 tests) 2ms
packages/utils test:  ✓ shared/number-generator.test.ts (1 test) 2ms
packages/utils test:  ✓ node/get-node-env.test.ts (1 test) 2ms
packages/utils test:  Test Files  43 passed (43)
packages/utils test:       Tests  323 passed (323)
packages/utils test:    Start at  23:47:46
packages/utils test:    Duration  6.52s (transform 846ms, setup 0ms, collect 9.55s, tests 343ms, environment 7ms, prepare 3.25s)
packages/utils test: Done
packages/memory test$ vitest --watch=false
packages/env test$ vitest --watch=false
packages/pressure test$ vitest --watch=false
packages/storage-driver-azure test$ vitest --watch=false
packages/env test:  RUN  v2.1.9 /workspace/directus/packages/env
packages/memory test:  RUN  v2.1.9 /workspace/directus/packages/memory
packages/pressure test:  RUN  v2.1.9 /workspace/directus/packages/pressure
packages/storage-driver-azure test:  RUN  v2.1.9 /workspace/directus/packages/storage-driver-azure
packages/memory test:  ✓ src/kv/lib/redis.test.ts (22 tests) 851ms
packages/memory test: stderr | src/kv/lib/local.test.ts > increment > Errors if key does not contain number
packages/memory test: Promise returned by `expect(actual).rejects.toMatchInlineSnapshot(expected)` was not awaited. Vitest currently auto-awaits hanging assertions at the end of the test, but this will cause the test to fail in Vitest 3. Please remember to await the assertion.
packages/memory test:     at /workspace/directus/packages/memory/src/kv/lib/local.test.ts:127:31
packages/memory test: stderr | src/kv/lib/local.test.ts > setMax > Errors if key does not contain number
packages/memory test: Promise returned by `expect(actual).rejects.toMatchInlineSnapshot(expected)` was not awaited. Vitest currently auto-awaits hanging assertions at the end of the test, but this will cause the test to fail in Vitest 3. Please remember to await the assertion.
packages/memory test:     at /workspace/directus/packages/memory/src/kv/lib/local.test.ts:139:39
packages/memory test:  ✓ src/kv/lib/local.test.ts (15 tests) 61ms
packages/env test:  ✓ src/lib/read-configuration-from-file.test.ts (5 tests) 10ms
packages/env test:  ✓ src/lib/cast.test.ts (11 tests) 21ms
packages/pressure test:  ✓ src/monitor.test.ts (16 tests) 55ms
packages/env test:  ✓ src/lib/create-env.test.ts (9 tests) 41ms
packages/pressure test:  Test Files  1 passed (1)
packages/pressure test:       Tests  16 passed (16)
packages/pressure test:    Start at  23:47:53
packages/pressure test:    Duration  4.54s (transform 607ms, setup 0ms, collect 4.01s, tests 55ms, environment 0ms, prepare 179ms)
packages/pressure test: Done
packages/storage-driver-cloudinary test$ vitest --watch=false
packages/memory test:  ✓ src/bus/lib/local.test.ts (7 tests) 35ms
packages/storage-driver-azure test:  ✓ src/index.test.ts (29 tests) 96ms
packages/env test:  ✓ src/utils/guess-type.test.ts (14 tests) 5ms
packages/memory test:  ✓ src/bus/lib/redis.test.ts (18 tests) 1107ms
packages/storage-driver-azure test:  Test Files  1 passed (1)
packages/storage-driver-azure test:       Tests  29 passed (29)
packages/storage-driver-azure test:    Start at  23:47:53
packages/storage-driver-azure test:    Duration  5.16s (transform 581ms, setup 0ms, collect 4.34s, tests 96ms, environment 4ms, prepare 140ms)
packages/storage-driver-azure test: Done
packages/storage-driver-gcs test$ vitest --watch=false
packages/env test:  ✓ src/utils/read-configuration-from-javascript.test.ts (5 tests) 76ms
packages/storage-driver-cloudinary test:  RUN  v2.1.9 /workspace/directus/packages/storage-driver-cloudinary
packages/storage-driver-gcs test:  RUN  v2.1.9 /workspace/directus/packages/storage-driver-gcs
packages/env test:  ✓ src/utils/get-config-path.test.ts (2 tests) 4ms
packages/env test:  ✓ src/utils/read-configuration-from-json.test.ts (3 tests) 41ms
packages/env test:  ✓ src/utils/read-configuration-from-dotenv.test.ts (3 tests) 6ms
packages/env test:  ✓ src/lib/create-env.int.test.ts (1 test) 6ms
packages/memory test:  ✓ src/cache/lib/local.test.ts (5 tests) 10ms
packages/env test:  ✓ src/utils/read-configuration-from-yaml.test.ts (2 tests) 13ms
packages/env test:  ✓ src/utils/is-directus-variable.test.ts (3 tests) 4ms
packages/env test:  ✓ src/utils/get-default-type.test.ts (3 tests) 8ms
packages/memory test: stderr | src/limiter/utils/consume.test.ts > Rejects error as-is if error instance is given
packages/memory test: Promise returned by `expect(actual).rejects.toBe(expected)` was not awaited. Vitest currently auto-awaits hanging assertions at the end of the test, but this will cause the test to fail in Vitest 3. Please remember to await the assertion.
packages/memory test:     at /workspace/directus/packages/memory/src/limiter/utils/consume.test.ts:34:44
packages/memory test:  ✓ src/limiter/utils/consume.test.ts (3 tests) 15ms
packages/memory test:  ✓ src/cache/lib/redis.test.ts (5 tests) 269ms
packages/memory test:  ✓ src/cache/lib/multi.test.ts (8 tests) 35ms
packages/memory test:  ✓ src/limiter/lib/redis.test.ts (3 tests) 140ms
packages/storage-driver-cloudinary test:  ✓ src/index.test.ts (84 tests) 448ms
packages/storage-driver-cloudinary test:  Test Files  1 passed (1)
packages/storage-driver-cloudinary test:       Tests  84 passed (84)
packages/storage-driver-cloudinary test:    Start at  23:47:58
packages/storage-driver-cloudinary test:    Duration  4.93s (transform 666ms, setup 0ms, collect 3.93s, tests 448ms, environment 0ms, prepare 145ms)
packages/storage-driver-cloudinary test: Done
packages/storage-driver-s3 test$ vitest --watch=false
packages/memory test:  ✓ src/limiter/lib/local.test.ts (3 tests) 13ms
packages/memory test:  ✓ src/utils/is-compressed.test.ts (5 tests) 3ms
packages/env test:  ✓ src/utils/has-cast-prefix.test.ts (4 tests) 3ms
packages/storage-driver-gcs test:  ✓ src/index.test.ts (26 tests) 74ms
packages/storage-driver-s3 test: Failed
/workspace/directus/packages/storage-driver-s3:
 ERR_PNPM_RECURSIVE_RUN_FIRST_FAIL  @directus/storage-driver-s3@12.0.6 test: `vitest --watch=false`
Exit status 129
packages/storage-driver-supabase test$ vitest --watch=false
packages/storage-driver-gcs test: Failed
packages/env test: Failed
packages/validation test$ vitest --watch=false
