
> pretest
> pnpm run build


> directus-monorepo@ build /workspace/directus
> pnpm --recursive --filter '!docs' run build

Scope: 40 of 42 workspace projects
packages/components build$ vite build
packages/constants build$ tsup src/index.ts --format=esm --dts
packages/format-title build$ pnpm run '/^bundle|typecheck$/'
packages/random build$ tsup src/index.ts --format=esm --dts
packages/constants build: CLI Building entry: src/index.ts
packages/constants build: CLI Using tsconfig: tsconfig.json
packages/constants build: CLI tsup v8.4.0
packages/random build: CLI Building entry: src/index.ts
packages/random build: CLI Using tsconfig: tsconfig.json
packages/random build: CLI tsup v8.4.0
packages/random build: CLI Target: es2022
packages/random build: ESM Build start
packages/constants build: CLI Target: es2022
packages/constants build: ESM Build start
packages/format-title build: . bundle$ tsup src/index.ts --format=esm --dts
packages/format-title build: . typecheck$ tsc --noEmit
packages/random build: ESM dist/index.js 915.00 B
packages/random build: ESM ⚡️ Build success in 39ms
packages/constants build: ESM dist/index.js 2.48 KB
packages/constants build: ESM ⚡️ Build success in 40ms
packages/random build: DTS Build start
packages/format-title build: . bundle: CLI Building entry: src/index.ts
packages/format-title build: . bundle: CLI Using tsconfig: tsconfig.json
packages/format-title build: . bundle: CLI tsup v8.4.0
packages/format-title build: . bundle: CLI Target: es2022
packages/format-title build: . bundle: ESM Build start
packages/constants build: DTS Build start
packages/format-title build: . bundle: ESM dist/index.js 3.78 KB
packages/format-title build: . bundle: ESM ⚡️ Build success in 70ms
packages/format-title build: . bundle: DTS Build start
packages/constants build: DTS ⚡️ Build success in 1322ms
packages/constants build: DTS dist/index.d.ts 2.44 KB
packages/constants build: Done
packages/release-notes-generator build$ tsc --project tsconfig.prod.json
packages/components build: vite v5.4.19 building for production...
packages/format-title build: . typecheck: Done
packages/format-title build: . bundle: DTS ⚡️ Build success in 1069ms
packages/format-title build: . bundle: DTS dist/index.d.ts 122.00 B
packages/format-title build: . bundle: Done
packages/format-title build: Done
packages/schema build$ tsup src/index.ts --format=esm --dts
packages/random build: DTS ⚡️ Build success in 2658ms
packages/random build: DTS dist/index.d.ts 1.13 KB
packages/random build: Done
packages/specs build$ swagger-cli bundle src/openapi.yaml -o dist/openapi.json
packages/schema build: CLI Building entry: src/index.ts
packages/schema build: CLI Using tsconfig: tsconfig.json
packages/schema build: CLI tsup v8.4.0
packages/schema build: CLI Target: es2022
packages/schema build: ESM Build start
packages/schema build: ESM dist/index.js 74.29 KB
packages/schema build: ESM ⚡️ Build success in 97ms
packages/specs build: Created dist/openapi.json from src/openapi.yaml
packages/specs build: Done
packages/storage build$ tsup src/index.ts --format=esm --dts
packages/schema build: DTS Build start
packages/release-notes-generator build: Done
packages/stores build$ tsup src/index.ts --format=esm --dts
packages/storage build: CLI Building entry: src/index.ts
packages/storage build: CLI Using tsconfig: tsconfig.json
packages/storage build: CLI tsup v8.4.0
packages/storage build: CLI Target: es2022
packages/storage build: ESM Build start
packages/storage build: ESM dist/index.js 762.00 B
packages/storage build: ESM ⚡️ Build success in 65ms
packages/stores build: CLI Building entry: src/index.ts
packages/stores build: CLI Using tsconfig: tsconfig.json
packages/stores build: CLI tsup v8.4.0
packages/stores build: CLI Target: es2022
packages/stores build: ESM Build start
packages/stores build: ESM dist/index.js 857.00 B
packages/stores build: ESM ⚡️ Build success in 85ms
packages/storage build: DTS Build start
packages/stores build: DTS Build start
packages/components build: transforming...
packages/components build: ✓ 1 modules transformed.
packages/components build: Generated an empty chunk: "index".
packages/components build: rendering chunks...
packages/components build: [vite:dts] Start generate declaration files...
packages/components build: computing gzip size...
packages/components build: dist/index.js  0.00 kB │ gzip: 0.02 kB
packages/components build: [vite:dts] Declaration files built in 2916ms.
packages/components build: ✓ built in 3.08s
packages/components build: Done
packages/system-data build$ NODE_ENV=production tsup
packages/system-data build: CLI Building entry: src/index.ts
packages/system-data build: CLI Using tsconfig: tsconfig.json
packages/system-data build: CLI tsup v8.4.0
packages/system-data build: CLI Using tsup config: /workspace/directus/packages/system-data/tsup.config.js
packages/system-data build: CLI Target: es2020
packages/system-data build: CLI Cleaning output folder
packages/system-data build: CJS Build start
packages/system-data build: ESM Build start
packages/storage build: DTS ⚡️ Build success in 2050ms
packages/storage build: DTS dist/index.d.ts 1.87 KB
packages/storage build: Done
packages/update-check build$ pnpm run '/^bundle|typecheck$/'
packages/system-data build: CJS dist/index.cjs 50.64 KB
packages/system-data build: CJS ⚡️ Build success in 972ms
packages/system-data build: ESM dist/index.js 50.02 KB
packages/system-data build: ESM ⚡️ Build success in 991ms
packages/system-data build: DTS Build start
packages/schema build: DTS ⚡️ Build success in 3920ms
packages/schema build: DTS dist/index.d.ts 2.68 KB
packages/schema build: Done
packages/stores build: DTS ⚡️ Build success in 2714ms
packages/stores build: DTS dist/index.d.ts 1.75 KB
packages/stores build: Done
packages/update-check build: . bundle$ tsup src/index.ts --format=esm --dts
packages/update-check build: . typecheck$ tsc --noEmit
packages/system-data build: DTS ⚡️ Build success in 644ms
packages/system-data build: DTS dist/index.d.cts 4.92 KB
packages/system-data build: DTS dist/index.d.ts  4.92 KB
packages/system-data build: Done
packages/update-check build: . bundle: CLI Building entry: src/index.ts
packages/update-check build: . bundle: CLI Using tsconfig: tsconfig.json
packages/update-check build: . bundle: CLI tsup v8.4.0
packages/update-check build: . bundle: CLI Target: es2022
packages/update-check build: . bundle: ESM Build start
packages/update-check build: . bundle: ESM dist/index.js 3.13 KB
packages/update-check build: . bundle: ESM ⚡️ Build success in 54ms
packages/update-check build: . bundle: DTS Build start
packages/update-check build: . typecheck: Done
packages/update-check build: . bundle: DTS ⚡️ Build success in 1167ms
packages/update-check build: . bundle: DTS dist/index.d.ts 94.00 B
packages/update-check build: . bundle: Done
packages/update-check build: Done
packages/errors build$ tsup src/index.ts --format=esm --dts
packages/storage-driver-local build$ tsup src/index.ts --format=esm --dts
packages/types build$ tsc
sdk build$ NODE_ENV=production tsup
packages/storage-driver-local build: CLI Building entry: src/index.ts
packages/errors build: CLI Building entry: src/index.ts
packages/storage-driver-local build: CLI Using tsconfig: tsconfig.json
packages/storage-driver-local build: CLI tsup v8.4.0
packages/errors build: CLI Using tsconfig: tsconfig.json
packages/errors build: CLI tsup v8.4.0
packages/errors build: CLI Target: es2022
packages/storage-driver-local build: CLI Target: es2022
packages/errors build: ESM Build start
packages/storage-driver-local build: ESM Build start
packages/storage-driver-local build: ESM dist/index.js 3.92 KB
packages/storage-driver-local build: ESM ⚡️ Build success in 54ms
packages/errors build: ESM dist/index.js 10.73 KB
packages/errors build: ESM ⚡️ Build success in 85ms
sdk build: CLI Building entry: src/index.ts
sdk build: CLI Using tsconfig: tsconfig.json
sdk build: CLI tsup v8.4.0
sdk build: CLI Using tsup config: /workspace/directus/sdk/tsup.config.js
sdk build: CLI Target: es2022
sdk build: CLI Cleaning output folder
sdk build: CJS Build start
sdk build: ESM Build start
packages/storage-driver-local build: DTS Build start
sdk build: CJS dist/index.cjs     45.88 KB
sdk build: CJS dist/index.cjs.map 66.66 KB
sdk build: CJS ⚡️ Build success in 512ms
sdk build: ESM dist/index.js     41.57 KB
sdk build: ESM dist/index.js.map 59.53 KB
sdk build: ESM ⚡️ Build success in 512ms
packages/errors build: DTS Build start
sdk build: DTS Build start
packages/types build: Done
packages/errors build: DTS ⚡️ Build success in 1582ms
packages/errors build: DTS dist/index.d.ts 8.40 KB
packages/errors build: Done
packages/storage-driver-local build: DTS ⚡️ Build success in 2401ms
packages/storage-driver-local build: DTS dist/index.d.ts 1.44 KB
packages/storage-driver-local build: Done
sdk build: DTS ⚡️ Build success in 5722ms
sdk build: DTS dist/index.d.cts 159.14 KB
sdk build: DTS dist/index.d.ts  159.14 KB
sdk build: Done
packages/schema-builder build$ tsup src/index.ts --format=esm --dts
packages/schema-builder build: CLI Building entry: src/index.ts
packages/schema-builder build: CLI Using tsconfig: tsconfig.json
packages/schema-builder build: CLI tsup v8.4.0
packages/schema-builder build: CLI Target: es2022
packages/schema-builder build: ESM Build start
packages/schema-builder build: ESM dist/index.js 20.93 KB
packages/schema-builder build: ESM ⚡️ Build success in 35ms
packages/schema-builder build: DTS Build start
packages/schema-builder build: DTS ⚡️ Build success in 2417ms
packages/schema-builder build: DTS dist/index.d.ts 4.24 KB
packages/schema-builder build: Done
packages/utils build$ pnpm run '/^build:.*/'
packages/utils build: . build:browser$ tsup browser/index.ts --tsconfig browser/tsconfig.json --out-dir dist/browser --format=esm --dts
packages/utils build: . build:node$ tsup node/index.ts --tsconfig node/tsconfig.json --out-dir dist/node --format=esm --dts
packages/utils build: . build:shared$ tsup shared/index.ts --tsconfig shared/tsconfig.json --out-dir dist/shared --format=esm --dts
packages/utils build: . build:node: CLI Building entry: node/index.ts
packages/utils build: . build:node: CLI Using tsconfig: node/tsconfig.json
packages/utils build: . build:node: CLI tsup v8.4.0
packages/utils build: . build:browser: CLI Building entry: browser/index.ts
packages/utils build: . build:browser: CLI Using tsconfig: browser/tsconfig.json
packages/utils build: . build:browser: CLI tsup v8.4.0
packages/utils build: . build:shared: CLI Building entry: shared/index.ts
packages/utils build: . build:node: CLI Target: es2022
packages/utils build: . build:node: ESM Build start
packages/utils build: . build:shared: CLI Using tsconfig: shared/tsconfig.json
packages/utils build: . build:shared: CLI tsup v8.4.0
packages/utils build: . build:browser: CLI Target: es2022
packages/utils build: . build:browser: ESM Build start
packages/utils build: . build:shared: CLI Target: es2022
packages/utils build: . build:shared: ESM Build start
packages/utils build: . build:browser: ESM dist/browser/index.js 177.00 B
packages/utils build: . build:browser: ESM ⚡️ Build success in 35ms
packages/utils build: . build:node: ESM dist/node/index.js 3.56 KB
packages/utils build: . build:node: ESM ⚡️ Build success in 61ms
packages/utils build: . build:shared: ESM dist/shared/index.js 40.89 KB
packages/utils build: . build:shared: ESM ⚡️ Build success in 94ms
packages/utils build: . build:node: DTS Build start
packages/utils build: . build:browser: DTS Build start
packages/utils build: . build:shared: DTS Build start
packages/utils build: . build:browser: DTS ⚡️ Build success in 1130ms
packages/utils build: . build:browser: DTS dist/browser/index.d.ts 149.00 B
packages/utils build: . build:browser: Done
packages/utils build: . build:node: DTS ⚡️ Build success in 2892ms
packages/utils build: . build:node: DTS dist/node/index.d.ts 1.66 KB
packages/utils build: . build:node: Done
packages/utils build: . build:shared: DTS ⚡️ Build success in 3570ms
packages/utils build: . build:shared: DTS dist/shared/index.d.ts 8.67 KB
packages/utils build: . build:shared: Done
packages/utils build: Done
packages/env build$ tsup src/index.ts --format=esm --dts
packages/memory build$ tsup src/index.ts --format=esm --dts
packages/pressure build$ tsup src/index.ts --format=esm --dts
packages/storage-driver-azure build$ tsup src/index.ts --format=esm --dts
packages/memory build: CLI Building entry: src/index.ts
packages/memory build: CLI Using tsconfig: tsconfig.json
packages/memory build: CLI tsup v8.4.0
packages/env build: CLI Building entry: src/index.ts
packages/env build: CLI Using tsconfig: tsconfig.json
packages/env build: CLI tsup v8.4.0
packages/storage-driver-azure build: CLI Building entry: src/index.ts
packages/storage-driver-azure build: CLI Using tsconfig: tsconfig.json
packages/storage-driver-azure build: CLI tsup v8.4.0
packages/env build: CLI Target: es2022
packages/env build: ESM Build start
packages/memory build: CLI Target: es2022
packages/memory build: ESM Build start
packages/storage-driver-azure build: CLI Target: es2022
packages/storage-driver-azure build: ESM Build start
packages/pressure build: CLI Building entry: src/index.ts
packages/pressure build: CLI Using tsconfig: tsconfig.json
packages/pressure build: CLI tsup v8.4.0
packages/pressure build: CLI Target: es2022
packages/pressure build: ESM Build start
packages/storage-driver-azure build: ESM dist/index.js 3.74 KB
packages/storage-driver-azure build: ESM ⚡️ Build success in 49ms
packages/env build: ESM dist/index.js 17.72 KB
packages/env build: ESM ⚡️ Build success in 90ms
packages/memory build: ESM dist/index.js 13.57 KB
packages/memory build: ESM ⚡️ Build success in 88ms
packages/pressure build: ESM dist/index.js 2.25 KB
packages/pressure build: ESM ⚡️ Build success in 71ms
packages/storage-driver-azure build: DTS Build start
packages/env build: DTS Build start
packages/memory build: DTS Build start
packages/pressure build: DTS Build start
packages/env build: DTS ⚡️ Build success in 3509ms
packages/env build: DTS dist/index.d.ts 90.00 B
packages/env build: Done
packages/storage-driver-cloudinary build$ tsup src/index.ts --format=esm --dts
packages/pressure build: DTS ⚡️ Build success in 3680ms
packages/pressure build: DTS dist/index.d.ts 885.00 B
packages/storage-driver-azure build: DTS ⚡️ Build success in 3787ms
packages/storage-driver-azure build: DTS dist/index.d.ts 1.52 KB
packages/pressure build: Done
packages/storage-driver-azure build: Done
packages/storage-driver-gcs build$ tsup src/index.ts --format=esm --dts
packages/storage-driver-s3 build$ tsup src/index.ts --format=esm --dts
packages/memory build: DTS ⚡️ Build success in 4139ms
packages/memory build: DTS dist/index.d.ts 13.45 KB
packages/memory build: Done
packages/storage-driver-supabase build$ tsup src/index.ts --format=esm --dts
packages/storage-driver-cloudinary build: CLI Building entry: src/index.ts
packages/storage-driver-cloudinary build: CLI Using tsconfig: tsconfig.json
packages/storage-driver-cloudinary build: CLI tsup v8.4.0
packages/storage-driver-cloudinary build: CLI Target: es2022
packages/storage-driver-cloudinary build: ESM Build start
packages/storage-driver-cloudinary build: ESM dist/index.js 13.81 KB
packages/storage-driver-cloudinary build: ESM ⚡️ Build success in 31ms
packages/storage-driver-gcs build: CLI Building entry: src/index.ts
packages/storage-driver-gcs build: CLI Using tsconfig: tsconfig.json
packages/storage-driver-gcs build: CLI tsup v8.4.0
packages/storage-driver-gcs build: CLI Target: es2022
packages/storage-driver-gcs build: ESM Build start
packages/storage-driver-s3 build: CLI Building entry: src/index.ts
packages/storage-driver-s3 build: CLI Using tsconfig: tsconfig.json
packages/storage-driver-s3 build: CLI tsup v8.4.0
packages/storage-driver-gcs build: ESM dist/index.js 3.54 KB
packages/storage-driver-gcs build: ESM ⚡️ Build success in 33ms
packages/storage-driver-s3 build: CLI Target: es2022
packages/storage-driver-s3 build: ESM Build start
packages/storage-driver-s3 build: ESM dist/index.js 12.19 KB
packages/storage-driver-s3 build: ESM ⚡️ Build success in 58ms
packages/storage-driver-supabase build: CLI Building entry: src/index.ts
packages/storage-driver-supabase build: CLI Using tsconfig: tsconfig.json
packages/storage-driver-supabase build: CLI tsup v8.4.0
packages/storage-driver-supabase build: CLI Target: es2022
packages/storage-driver-supabase build: ESM Build start
packages/storage-driver-supabase build: ESM dist/index.js 6.46 KB
packages/storage-driver-supabase build: ESM ⚡️ Build success in 28ms
packages/storage-driver-cloudinary build: DTS Build start
packages/storage-driver-gcs build: DTS Build start
packages/storage-driver-s3 build: DTS Build start
packages/storage-driver-supabase build: DTS Build start
packages/storage-driver-cloudinary build: DTS ⚡️ Build success in 3206ms
packages/storage-driver-cloudinary build: DTS dist/index.d.ts 2.85 KB
packages/storage-driver-cloudinary build: Done
packages/themes build$ vite build
packages/storage-driver-gcs build: DTS ⚡️ Build success in 3357ms
packages/storage-driver-gcs build: DTS dist/index.d.ts 1.46 KB
packages/storage-driver-supabase build: DTS ⚡️ Build success in 2899ms
packages/storage-driver-supabase build: DTS dist/index.d.ts 1.76 KB
packages/storage-driver-gcs build: Done
packages/validation build$ tsup src/index.ts --format=esm --dts
packages/storage-driver-supabase build: Done
packages/validation build: CLI Building entry: src/index.ts
packages/validation build: CLI Using tsconfig: tsconfig.json
packages/validation build: CLI tsup v8.4.0
packages/validation build: CLI Target: es2022
packages/validation build: ESM Build start
packages/validation build: ESM dist/index.js 5.55 KB
packages/validation build: ESM ⚡️ Build success in 35ms
packages/validation build: DTS Build start
packages/storage-driver-s3 build: DTS ⚡️ Build success in 4698ms
packages/storage-driver-s3 build: DTS dist/index.d.ts 2.08 KB
packages/storage-driver-s3 build: Done
packages/themes build: vite v5.4.19 building for production...
packages/validation build: DTS ⚡️ Build success in 1731ms
packages/validation build: DTS dist/index.d.ts 774.00 B
packages/validation build: Done
packages/themes build: transforming...
packages/themes build: ✓ 21 modules transformed.
packages/themes build: rendering chunks...
packages/themes build: [vite:dts] Start generate declaration files...
packages/themes build: computing gzip size...
packages/themes build: dist/index.js  40.85 kB │ gzip: 5.42 kB
packages/themes build: [vite:dts] Declaration files built in 3678ms.
packages/themes build: ✓ built in 4.00s
packages/themes build: Done
packages/extensions build$ pnpm run '/^build:.*/'
packages/extensions build: . build:node$ tsup src/node.ts --tsconfig src/node/tsconfig.json --out-dir dist --format=esm --dts
packages/extensions build: . build:shared$ tsup src/index.ts --tsconfig src/tsconfig.json --out-dir dist --format=esm --dts
packages/extensions build: . build:shared: CLI Building entry: src/index.ts
packages/extensions build: . build:shared: CLI Using tsconfig: src/tsconfig.json
packages/extensions build: . build:shared: CLI tsup v8.4.0
packages/extensions build: . build:node: CLI Building entry: src/node.ts
packages/extensions build: . build:node: CLI Using tsconfig: src/node/tsconfig.json
packages/extensions build: . build:node: CLI tsup v8.4.0
packages/extensions build: . build:node: CLI Target: es2022
packages/extensions build: . build:shared: CLI Target: es2022
packages/extensions build: . build:node: ESM Build start
packages/extensions build: . build:shared: ESM Build start
packages/extensions build: . build:node: ESM dist/node.js 11.64 KB
packages/extensions build: . build:node: ESM ⚡️ Build success in 41ms
packages/extensions build: . build:shared: ESM dist/index.js 4.68 KB
packages/extensions build: . build:shared: ESM ⚡️ Build success in 40ms
packages/extensions build: . build:shared: DTS Build start
packages/extensions build: . build:node: DTS Build start
packages/extensions build: . build:shared: DTS ⚡️ Build success in 3075ms
packages/extensions build: . build:shared: DTS dist/index.d.ts 54.73 KB
packages/extensions build: . build:shared: Done
packages/extensions build: . build:node: DTS ⚡️ Build success in 3443ms
packages/extensions build: . build:node: DTS dist/node.d.ts 55.33 KB
packages/extensions build: . build:node: Done
packages/extensions build: Done
packages/composables build$ tsup src/index.ts --format=esm --dts
packages/extensions-registry build$ tsup src/index.ts --format=esm --dts
packages/composables build: CLI Building entry: src/index.ts
packages/composables build: CLI Using tsconfig: tsconfig.json
packages/composables build: CLI tsup v8.4.0
packages/extensions-registry build: CLI Building entry: src/index.ts
packages/extensions-registry build: CLI Using tsconfig: tsconfig.json
packages/extensions-registry build: CLI tsup v8.4.0
packages/composables build: CLI Target: es2022
packages/composables build: ESM Build start
packages/extensions-registry build: CLI Target: es2022
packages/extensions-registry build: ESM Build start
packages/composables build: ESM dist/index.js 20.61 KB
packages/composables build: ESM ⚡️ Build success in 37ms
packages/extensions-registry build: ESM dist/index.js 7.08 KB
packages/extensions-registry build: ESM ⚡️ Build success in 63ms
packages/extensions-registry build: DTS Build start
packages/composables build: DTS Build start
packages/extensions-registry build: DTS ⚡️ Build success in 2789ms
packages/extensions-registry build: DTS dist/index.d.ts 21.76 KB
packages/extensions-registry build: Done
packages/composables build: DTS ⚡️ Build success in 3276ms
packages/composables build: DTS dist/index.d.ts 6.38 KB
packages/composables build: Done
packages/extensions-sdk build$ tsc --project tsconfig.prod.json
packages/extensions-sdk build: Done
app build$ vite build
app build: vite v5.4.19 building for production...
app build: transforming...
app build: ✓ 4494 modules transformed.
app build: rendering chunks...
app build: [plugin:vite:reporter] [plugin vite:reporter] 
app build: (!) /workspace/directus/node_modules/.pnpm/date-fns@4.1.0/node_modules/date-fns/locale/en-US.js is dynamically imported by /workspace/directus/app/src/utils/get-date-fns-locale.ts but also statically imported by /workspace/directus/node_modules/.pnpm/date-fns@4.1.0/node_modules/date-fns/_lib/defaultLocale.js, dynamic import will not move module into another chunk.
app build: [plugin:vite:reporter] [plugin vite:reporter] 
app build: (!) /workspace/directus/app/src/lang/translations/en-US.yaml is dynamically imported by /workspace/directus/app/src/lang/set-language.ts but also statically imported by /workspace/directus/app/src/lang/index.ts, dynamic import will not move module into another chunk.
app build: [plugin:vite:reporter] [plugin vite:reporter] 
app build: (!) /workspace/directus/node_modules/.pnpm/codemirror@5.65.18/node_modules/codemirror/mode/markdown/markdown.js is dynamically imported by /workspace/directus/app/src/interfaces/input-code/import-codemirror-mode.ts but also statically imported by  /workspace/directus/node_modules/.pnpm/codemirror@5.65.18/node_modules/codemirror/mode/markdown/markdown.js?commonjs-proxy, /workspace/directus/app/src/interfaces/input-rich-text-md/input-rich-text-md.vue?vue&type=script&setup=true&lang.ts, dynamic import will not move module into another chunk.
app build: [plugin:vite:reporter] [plugin vite:reporter] 
app build: (!) /workspace/directus/node_modules/.pnpm/codemirror@5.65.18/node_modules/codemirror/mode/javascript/javascript.js is dynamically imported by /workspace/directus/app/src/interfaces/input-code/import-codemirror-mode.ts, /workspace/directus/app/src/interfaces/input-code/input-code.vue?vue&type=script&setup=true&lang.ts but also statically imported by  /workspace/directus/node_modules/.pnpm/codemirror@5.65.18/node_modules/codemirror/mode/javascript/javascript.js?commonjs-proxy, /workspace/directus/app/src/modules/settings/routes/system-logs/logs.vue?vue&type=script&setup=true&lang.ts, dynamic import will not move module into another chunk.
app build: computing gzip size...
app build: dist/index.html                                             1.81 kB │ gzip:     0.74 kB
app build: dist/assets/FiraMono-Medium-CE-6Frqh.woff2                 16.15 kB
app build: dist/assets/FiraMono-Medium-CjwgnWCQ.woff                  21.28 kB
app build: dist/assets/merriweather-light-MAZijcp-.woff2              23.59 kB
app build: dist/assets/merriweather-regular-D4NWdWaV.woff2            23.86 kB
app build: dist/assets/merriweather-bold-Ehu1LSIs.woff2               24.17 kB
app build: dist/assets/merriweather-italic-DQHU05JA.woff2             27.18 kB
app build: dist/assets/merriweather-light-_dgfXFiJ.woff               30.76 kB
app build: dist/assets/merriweather-regular-B5k5JYwq.woff             31.07 kB
app build: dist/assets/merriweather-bold-CQICjned.woff                31.46 kB
app build: dist/assets/merriweather-italic-DDdpEp2m.woff              35.08 kB
app build: dist/assets/Inter-Black-DQ32R15S.woff2                     93.18 kB
app build: dist/assets/Inter-Bold-d8J9BkrN.woff2                      95.93 kB
app build: dist/assets/Inter-Regular-C2oJmTkV.woff2                  100.12 kB
app build: dist/assets/Inter-Medium-IZr8HYrM.woff2                   106.72 kB
app build: dist/assets/Inter-SemiBold-1vGiIFm-.woff2                 107.23 kB
app build: dist/assets/Inter-MediumItalic-eHnJB7Jg.woff2             112.50 kB
app build: dist/assets/Inter-Black-tY25MZ8m.woff                     124.68 kB
app build: dist/assets/Inter-Bold-DebvEmVN.woff                      128.01 kB
app build: dist/assets/Inter-Regular-C9wQxk6G.woff                   134.65 kB
app build: dist/assets/Inter-Medium-DosJTVus.woff                    142.84 kB
app build: dist/assets/Inter-SemiBold-CUDcKm_l.woff                  143.25 kB
app build: dist/assets/Inter-MediumItalic-C-HF1KIs.woff              149.18 kB
app build: dist/assets/sprite-Cvp8IOkP.svg                           155.48 kB │ gzip:    69.89 kB
app build: dist/assets/material-symbols-BLTCXYgc.woff2               295.10 kB
app build: dist/assets/show-hint-DqpzQ0Fp.css                          0.52 kB │ gzip:     0.31 kB
app build: dist/assets/index-DUWut2ul.css                             17.29 kB │ gzip:     3.14 kB
app build: dist/assets/input-rich-text-html-D0_5luDc.css              88.74 kB │ gzip:    13.63 kB
app build: dist/assets/index-CVJQHrA8.css                            554.08 kB │ gzip:    81.17 kB
app build: dist/assets/sw-KE-CIEyP2s7.js                               0.03 kB │ gzip:     0.05 kB
app build: dist/assets/sw-TZ-CIEyP2s7.js                               0.03 kB │ gzip:     0.05 kB
app build: dist/assets/tg-TJ-CIEyP2s7.js                               0.03 kB │ gzip:     0.05 kB
app build: dist/assets/isSameWeek-BMUb09N7.js                          0.18 kB │ gzip:     0.17 kB
app build: dist/assets/ug-DPjnv-8A.js                                  0.18 kB │ gzip:     0.21 kB
app build: dist/assets/formatRelative-Dv7OIDgt.js                      0.19 kB │ gzip:     0.17 kB
app build: dist/assets/ko-BclfT1S2.js                                  0.21 kB │ gzip:     0.23 kB
app build: dist/assets/zh-tw-CWNUtgPu.js                               0.21 kB │ gzip:     0.24 kB
app build: dist/assets/ja-VO0dQThx.js                                  0.22 kB │ gzip:     0.26 kB
app build: dist/assets/en-au-CElxw9BR.js                               0.23 kB │ gzip:     0.20 kB
app build: dist/assets/en-gb-xoqFlaE3.js                               0.23 kB │ gzip:     0.20 kB
app build: dist/assets/en-nz-DZvNuVZQ.js                               0.23 kB │ gzip:     0.20 kB
app build: dist/assets/zh-cn-BtEXDR8h.js                               0.24 kB │ gzip:     0.26 kB
app build: dist/assets/he-0MgNsFfp.js                                  0.26 kB │ gzip:     0.24 kB
app build: dist/assets/es-us-Bnv27Evl.js                               0.27 kB │ gzip:     0.22 kB
app build: dist/assets/nn-DVG1X-2R.js                                  0.27 kB │ gzip:     0.22 kB
app build: dist/assets/nl-DK4fNwkM.js                                  0.27 kB │ gzip:     0.22 kB
app build: dist/assets/tr-nWAx0x6b.js                                  0.27 kB │ gzip:     0.23 kB
app build: dist/assets/af-_28_aPkP.js                                  0.27 kB │ gzip:     0.22 kB
app build: dist/assets/hu-DGnG1A8G.js                                  0.27 kB │ gzip:     0.24 kB
app build: dist/assets/bg-B1JabSYP.js                                  0.27 kB │ gzip:     0.29 kB
app build: dist/assets/da-1b7t9EQM.js                                  0.28 kB │ gzip:     0.22 kB
app build: dist/assets/bn-C-JXl2PU.js                                  0.28 kB │ gzip:     0.29 kB
app build: dist/assets/ar-JVIsLnCE.js                                  0.28 kB │ gzip:     0.27 kB
app build: dist/assets/eo-C0r_IOYz.js                                  0.28 kB │ gzip:     0.22 kB
app build: dist/assets/mk-Bb69r59O.js                                  0.28 kB │ gzip:     0.29 kB
app build: dist/assets/cy-uIXFMCYY.js                                  0.28 kB │ gzip:     0.22 kB
app build: dist/assets/ne-DE44C4nT.js                                  0.28 kB │ gzip:     0.31 kB
app build: dist/assets/pt-BEOdVjin.js                                  0.28 kB │ gzip:     0.23 kB
app build: dist/assets/ar-dz-BYyoW5bv.js                               0.28 kB │ gzip:     0.27 kB
app build: dist/assets/ar-sa-rZtZT4t8.js                               0.28 kB │ gzip:     0.27 kB
app build: dist/assets/ar-tn-DRliwBAX.js                               0.28 kB │ gzip:     0.27 kB
app build: dist/assets/ar-kw-DkL0acqU.js                               0.28 kB │ gzip:     0.27 kB
app build: dist/assets/ar-ly-DzhaKOfe.js                               0.28 kB │ gzip:     0.27 kB
app build: dist/assets/ar-ma-S3iX-fpR.js                               0.28 kB │ gzip:     0.27 kB
app build: dist/assets/eu-B8WGPnxW.js                                  0.28 kB │ gzip:     0.22 kB
app build: dist/assets/is-DRp0RsYz.js                                  0.28 kB │ gzip:     0.24 kB
app build: dist/assets/sl-OeJpqR8V.js                                  0.28 kB │ gzip:     0.23 kB
app build: dist/assets/uz-DjJNMNnn.js                                  0.28 kB │ gzip:     0.23 kB
app build: dist/assets/lt-gsORpIwD.js                                  0.29 kB │ gzip:     0.24 kB
app build: dist/assets/ca-DPJaEvO_.js                                  0.29 kB │ gzip:     0.23 kB
app build: dist/assets/cs-D_eu4svW.js                                  0.29 kB │ gzip:     0.26 kB
app build: dist/assets/fr-ca-DvKGJDEU.js                               0.29 kB │ gzip:     0.24 kB
app build: dist/assets/lb-rjeOtTUB.js                                  0.29 kB │ gzip:     0.23 kB
app build: dist/assets/lv-0469Mz6N.js                                  0.29 kB │ gzip:     0.25 kB
app build: dist/assets/id-Bn7suh2i.js                                  0.29 kB │ gzip:     0.23 kB
app build: dist/assets/kk-DtOooNsd.js                                  0.29 kB │ gzip:     0.31 kB
app build: dist/assets/ka-BSX3F3cs.js                                  0.29 kB │ gzip:     0.30 kB
app build: dist/assets/fa-DMcZc0Uj.js                                  0.29 kB │ gzip:     0.28 kB
app build: dist/assets/vi-DyHn0SRo.js                                  0.29 kB │ gzip:     0.29 kB
app build: dist/assets/az-BArG7S63.js                                  0.29 kB │ gzip:     0.26 kB
app build: dist/assets/fi-CXM2A7Fy.js                                  0.29 kB │ gzip:     0.24 kB
app build: dist/assets/sr-CCKYIdNG.js                                  0.30 kB │ gzip:     0.25 kB
app build: dist/assets/pl-8FWohiNn.js                                  0.30 kB │ gzip:     0.24 kB
app build: dist/assets/sq-BXlRdXas.js                                  0.30 kB │ gzip:     0.25 kB
app build: dist/assets/ru-DoXl6lJb.js                                  0.30 kB │ gzip:     0.30 kB
app build: dist/assets/et-BEltiP6o.js                                  0.30 kB │ gzip:     0.24 kB
app build: dist/assets/hi-N-_mnroV.js                                  0.30 kB │ gzip:     0.33 kB
app build: dist/assets/sr-cyrl-BJ1Exp4k.js                             0.30 kB │ gzip:     0.30 kB
app build: dist/assets/hr-BtwKIOlQ.js                                  0.30 kB │ gzip:     0.25 kB
app build: dist/assets/ro-Cl8ZRrT5.js                                  0.30 kB │ gzip:     0.25 kB
app build: dist/assets/bs-W2ypyBhS.js                                  0.30 kB │ gzip:     0.25 kB
app build: dist/assets/fr-ch-CoIYQTTX.js                               0.30 kB │ gzip:     0.25 kB
app build: dist/assets/sk-XMk1AXgk.js                                  0.31 kB │ gzip:     0.26 kB
app build: dist/assets/it-g_qmz2aL.js                                  0.31 kB │ gzip:     0.24 kB
app build: dist/assets/el-Crmizxop.js                                  0.31 kB │ gzip:     0.31 kB
app build: dist/assets/hy-am-D2damuje.js                               0.31 kB │ gzip:     0.31 kB
app build: dist/assets/uk-DS-g277L.js                                  0.31 kB │ gzip:     0.32 kB
app build: dist/assets/ta-in-RVxb_NFL.js                               0.32 kB │ gzip:     0.32 kB
app build: dist/assets/ms-ghG5JKnb.js                                  0.32 kB │ gzip:     0.25 kB
app build: dist/assets/th-CkqJY8LF.js                                  0.32 kB │ gzip:     0.32 kB
app build: dist/assets/fr-CQ7PX3zI.js                                  0.33 kB │ gzip:     0.26 kB
app build: dist/assets/nb-Dad7pRLV.js                                  0.47 kB │ gzip:     0.32 kB
app build: dist/assets/ruby-CDMO7WSH.js                                0.50 kB │ gzip:     0.36 kB
app build: dist/assets/stex-l_mfiG2M.js                                0.50 kB │ gzip:     0.36 kB
app build: dist/assets/htmlmixed-B276dkDZ.js                           0.50 kB │ gzip:     0.36 kB
app build: dist/assets/matchbrackets-BdaY32SY.js                       0.50 kB │ gzip:     0.36 kB
app build: dist/assets/xml-CY6B6iV4.js                                 0.50 kB │ gzip:     0.36 kB
app build: dist/assets/gl-ZDiWBy_x.js                                  0.64 kB │ gzip:     0.38 kB
app build: dist/assets/es-DvScwAe4.js                                  0.64 kB │ gzip:     0.39 kB
app build: dist/assets/si-LK-BFeKlcrN.js                               0.64 kB │ gzip:     0.47 kB
app build: dist/assets/sv-LVjaGM8m.js                                  0.65 kB │ gzip:     0.41 kB
app build: dist/assets/@directus_extensions-sdk.SoNmVyc8.entry.js      0.67 kB │ gzip:     0.38 kB
app build: dist/assets/pt-br-OJKF2--T.js                               0.70 kB │ gzip:     0.40 kB
app build: dist/assets/de-B3aFfmNl.js                                  0.78 kB │ gzip:     0.45 kB
app build: dist/assets/de-at-jiaPoFI2.js                               0.78 kB │ gzip:     0.46 kB
app build: dist/assets/en-GB-RwPCSgg3.js                               0.88 kB │ gzip:     0.46 kB
app build: dist/assets/en-ZA-D19qBSOM.js                               0.88 kB │ gzip:     0.46 kB
app build: dist/assets/en-AU-DgURwH3K.js                               0.89 kB │ gzip:     0.46 kB
app build: dist/assets/en-NZ-BtWwYGgA.js                               0.89 kB │ gzip:     0.46 kB
app build: dist/assets/en-IN-DbnGzDhE.js                               0.89 kB │ gzip:     0.47 kB
app build: dist/assets/diff-YxsXTYYo.js                                0.93 kB │ gzip:     0.58 kB
app build: dist/assets/fr-Z37pFNvN.js                                  0.93 kB │ gzip:     0.49 kB
app build: dist/assets/fr-CA-B0k1FFoJ.js                               0.94 kB │ gzip:     0.49 kB
app build: dist/assets/haskell-literate-CIDLuCsI.js                    1.05 kB │ gzip:     0.60 kB
app build: dist/assets/fr-CH-BzwO3m_x.js                               1.09 kB │ gzip:     0.59 kB
app build: dist/assets/autorefresh-Czfj1R6C.js                         1.23 kB │ gzip:     0.61 kB
app build: dist/assets/brainfuck-DSP1Qb2v.js                           1.23 kB │ gzip:     0.66 kB
app build: dist/assets/overlay-CNd_7igy.js                             1.29 kB │ gzip:     0.51 kB
app build: dist/assets/properties-D-tNUWyG.js                          1.33 kB │ gzip:     0.69 kB
app build: dist/assets/cmake-v5s7Do7T.js                               1.39 kB │ gzip:     0.79 kB
app build: dist/assets/htmlembedded-c8iQtQAe.js                        1.40 kB │ gzip:     0.69 kB
app build: dist/assets/yaml-frontmatter-CYQ7SjY9.js                    1.48 kB │ gzip:     0.75 kB
app build: dist/assets/protobuf-B5v1RDRF.js                            1.51 kB │ gzip:     0.87 kB
app build: dist/assets/solr-C4P2zVJx.js                                1.55 kB │ gzip:     0.82 kB
app build: dist/assets/asciiarmor-Dh5IVX-f.js                          1.57 kB │ gzip:     0.77 kB
app build: dist/assets/http-CnpsjZVb.js                                1.62 kB │ gzip:     0.82 kB
app build: dist/assets/troff-DFpZNTYW.js                               1.66 kB │ gzip:     0.79 kB
app build: dist/assets/toml-CGCM_-S-.js                                1.71 kB │ gzip:     0.83 kB
app build: dist/assets/active-line-CsofpD5x.js                         1.72 kB │ gzip:     0.84 kB
app build: dist/assets/spreadsheet-DowKqktQ.js                         1.76 kB │ gzip:     0.86 kB
app build: dist/assets/handlebars-D2RfLT_a.js                          1.76 kB │ gzip:     0.84 kB
app build: dist/assets/tornado-U7d86sKx.js                             1.76 kB │ gzip:     0.94 kB
app build: dist/assets/pegjs-L1SIfOKs.js                               1.97 kB │ gzip:     0.95 kB
app build: dist/assets/en-CA-dXdU14rZ.js                               1.98 kB │ gzip:     0.80 kB
app build: dist/assets/mbox-w7CtguoB.js                                2.03 kB │ gzip:     1.00 kB
app build: dist/assets/mark-selection-z8V_pBR5.js                      2.15 kB │ gzip:     1.01 kB
app build: dist/assets/vue-Dr6Prqpv.js                                 2.15 kB │ gzip:     0.96 kB
app build: dist/assets/km-KH-BPjKOhO1.js                               2.16 kB │ gzip:     1.14 kB
app build: dist/assets/yaml-zPou4SRY.js                                2.17 kB │ gzip:     1.07 kB
app build: dist/assets/factor-5IBQZHVx.js                              2.22 kB │ gzip:     0.93 kB
app build: dist/assets/sieve-BAEYb3uH.js                               2.23 kB │ gzip:     1.09 kB
app build: dist/assets/rpm-BMN62tnL.js                                 2.30 kB │ gzip:     1.17 kB
app build: dist/assets/multiplex-CE70YmJ5.js                           2.33 kB │ gzip:     0.94 kB
app build: dist/assets/z80-BSytc7KZ.js                                 2.37 kB │ gzip:     1.15 kB
app build: dist/assets/eiffel-C3MbuDGv.js                              2.39 kB │ gzip:     1.23 kB
app build: dist/assets/elm-COLBMIAX.js                                 2.49 kB │ gzip:     1.14 kB
app build: dist/assets/mathematica-X8fvyTAw.js                         2.51 kB │ gzip:     1.13 kB
app build: dist/assets/dockerfile-OG74EFXt.js                          2.52 kB │ gzip:     0.99 kB
app build: dist/assets/de-UMXaEDCM.js                                  2.53 kB │ gzip:     0.92 kB
app build: dist/assets/de-AT-BA_8R59o.js                               2.54 kB │ gzip:     0.93 kB
app build: dist/assets/twig-B1rJ10in.js                                2.56 kB │ gzip:     1.19 kB
app build: dist/assets/turtle-BIbynmCN.js                              2.57 kB │ gzip:     1.21 kB
app build: dist/assets/smalltalk-CQMjhcF_.js                           2.59 kB │ gzip:     1.17 kB
app build: dist/assets/haml-XZaOR4R8.js                                2.64 kB │ gzip:     1.11 kB
app build: dist/assets/dtd-D2VYi_k8.js                                 2.68 kB │ gzip:     1.21 kB
app build: dist/assets/mumps-C5WF5XN6.js                               2.68 kB │ gzip:     1.31 kB
app build: dist/assets/jsx-Nw7i3NcB.js                                 2.69 kB │ gzip:     1.23 kB
app build: dist/assets/rust-JL1Ees74.js                                2.71 kB │ gzip:     1.26 kB
app build: dist/assets/fcl-BfuOPn6i.js                                 2.73 kB │ gzip:     1.29 kB
app build: dist/assets/yacas-DZYMu5E1.js                               2.75 kB │ gzip:     1.40 kB
app build: dist/assets/ka-GE-GMxj7JM0.js                               2.78 kB │ gzip:     1.22 kB
app build: dist/assets/ntriples-DHF2mjZO.js                            2.82 kB │ gzip:     1.10 kB
app build: dist/assets/pascal-ugX3m00H.js                              2.84 kB │ gzip:     1.46 kB
app build: dist/assets/htmlmixed-B_6AaUdQ.js                           2.84 kB │ gzip:     1.31 kB
app build: dist/assets/apl-B7LSUkI_.js                                 2.86 kB │ gzip:     1.68 kB
app build: dist/assets/octave-DkEWMN44.js                              2.92 kB │ gzip:     1.43 kB
app build: dist/assets/commonlisp-BIyeFSGs.js                          2.93 kB │ gzip:     1.43 kB
app build: dist/assets/ebnf-DqkrKiDs.js                                2.94 kB │ gzip:     1.28 kB
app build: dist/assets/tcl-z0uPOv6A.js                                 2.95 kB │ gzip:     1.54 kB
app build: dist/assets/dart-BwTQ9-Xp.js                                2.98 kB │ gzip:     1.45 kB
app build: dist/assets/gfm-Cs-hXPic.js                                 3.06 kB │ gzip:     1.74 kB
app build: dist/assets/match-highlighter-BA-8QL07.js                   3.13 kB │ gzip:     1.41 kB
app build: dist/assets/puppet-C89Z-Sin.js                              3.15 kB │ gzip:     1.52 kB
app build: dist/assets/webidl-AoqCk6kV.js                              3.16 kB │ gzip:     1.59 kB
app build: dist/assets/shell-BHmThLoy.js                               3.19 kB │ gzip:     1.54 kB
app build: dist/assets/jinja2-SUprvLT4.js                              3.23 kB │ gzip:     1.37 kB
app build: dist/assets/pig-Bi1yEcSN.js                                 3.28 kB │ gzip:     1.79 kB
app build: dist/assets/stex-B-XgHJ5t.js                                3.28 kB │ gzip:     1.26 kB
app build: dist/assets/velocity-DLImHMmF.js                            3.30 kB │ gzip:     1.43 kB
app build: dist/assets/forth-DcKqskSC.js                               3.33 kB │ gzip:     1.74 kB
app build: dist/assets/smarty-D71x3lN6.js                              3.38 kB │ gzip:     1.46 kB
app build: dist/assets/tiddlywiki-BODV47w-.js                          3.40 kB │ gzip:     1.40 kB
app build: dist/assets/go-DVReWGkP.js                                  3.46 kB │ gzip:     1.65 kB
app build: dist/assets/oz-DVW_M6r2.js                                  3.54 kB │ gzip:     1.62 kB
app build: dist/assets/r-BXYeL2HY.js                                   3.62 kB │ gzip:     1.72 kB
app build: dist/assets/modelica-BEiUy0cS.js                            3.69 kB │ gzip:     1.75 kB
app build: dist/assets/javascript-hint-CcqPzfIH.js                     3.69 kB │ gzip:     1.71 kB
app build: dist/assets/tiki-B75g0hBU.js                                3.91 kB │ gzip:     1.63 kB
app build: dist/assets/vhdl-Be1u8-Op.js                                3.96 kB │ gzip:     1.85 kB
app build: dist/assets/wast-DjCQl1Gi.js                                4.01 kB │ gzip:     1.88 kB
app build: dist/assets/lua-CC-hSd6P.js                                 4.07 kB │ gzip:     1.80 kB
app build: dist/assets/sparql-DSunPj_j.js                              4.15 kB │ gzip:     1.95 kB
app build: dist/assets/mscgen-BquW-cDb.js                              4.26 kB │ gzip:     1.35 kB
app build: dist/assets/d-CmVVu-Gw.js                                   4.39 kB │ gzip:     2.03 kB
app build: dist/assets/cypher-B5EnjEke.js                              4.47 kB │ gzip:     2.04 kB
app build: dist/assets/swift-D56F6DRb.js                               4.56 kB │ gzip:     2.08 kB
app build: dist/assets/vb-IZgLxY4n.js                                  4.56 kB │ gzip:     2.15 kB
app build: dist/assets/asn.1-DLVGciEz.js                               4.59 kB │ gzip:     2.32 kB
app build: dist/assets/coffeescript-VCx6Ve5N.js                        4.61 kB │ gzip:     2.06 kB
app build: dist/assets/q-D0bh_D5F.js                                   4.62 kB │ gzip:     2.00 kB
app build: dist/assets/dylan-coPDhHrL.js                               4.62 kB │ gzip:     1.96 kB
app build: dist/assets/vue.wgR5vgTp.entry.js                           4.71 kB │ gzip:     2.05 kB
app build: dist/assets/groovy-Dw7JFxjt.js                              4.76 kB │ gzip:     2.09 kB
app build: dist/assets/livescript-L15w2ME5.js                          4.79 kB │ gzip:     1.98 kB
app build: dist/assets/ttcn-cfg-DdM41Haj.js                            4.80 kB │ gzip:     2.09 kB
app build: dist/assets/match-DLkT7kwk.js                               4.81 kB │ gzip:     1.83 kB
app build: dist/assets/ko-C2cCcHKl.js                                  4.82 kB │ gzip:     2.00 kB
app build: dist/assets/gas-DCBzX7iP.js                                 4.93 kB │ gzip:     1.58 kB
app build: dist/assets/haskell-CvjsTtPn.js                             4.94 kB │ gzip:     2.27 kB
app build: dist/assets/match-Cmv0V0Fo.js                               4.96 kB │ gzip:     1.51 kB
app build: dist/assets/zh-TW-D8uO74In.js                               4.98 kB │ gzip:     2.20 kB
app build: dist/assets/asterisk-DZpJiyVH.js                            5.08 kB │ gzip:     2.10 kB
app build: dist/assets/sass-Dl6TXgwk.js                                5.09 kB │ gzip:     1.97 kB
app build: dist/assets/ja-CJXolNn7.js                                  5.16 kB │ gzip:     2.21 kB
app build: dist/assets/django-DEawFdjj.js                              5.17 kB │ gzip:     1.85 kB
app build: dist/assets/zh-CN-BC6hw3VT.js                               5.22 kB │ gzip:     2.28 kB
app build: dist/assets/fortran-Ccm3tnft.js                             5.27 kB │ gzip:     2.34 kB
app build: dist/assets/ht-CChb73_m.js                                  5.28 kB │ gzip:     2.02 kB
app build: dist/assets/nl-BE-mfK8zHN9.js                               5.32 kB │ gzip:     2.01 kB
app build: dist/assets/nl-BF6cRpmY.js                                  5.32 kB │ gzip:     2.01 kB
app build: dist/assets/nb-OPOZ_Ky7.js                                  5.37 kB │ gzip:     2.01 kB
app build: dist/assets/ruby-C6lYe0-N.js                                5.38 kB │ gzip:     2.27 kB
app build: dist/assets/mllike-BqpNKCMT.js                              5.47 kB │ gzip:     1.86 kB
app build: dist/assets/nn-Bngk9of1.js                                  5.47 kB │ gzip:     2.07 kB
app build: dist/assets/eo-un-KlTcr.js                                  5.52 kB │ gzip:     2.10 kB
app build: dist/assets/gu-MJUfMv0s.js                                  5.56 kB │ gzip:     2.30 kB
app build: dist/assets/mk-Dx7ZlobE.js                                  5.59 kB │ gzip:     2.41 kB
app build: dist/assets/uz-BauG6B1F.js                                  5.61 kB │ gzip:     1.99 kB
app build: dist/assets/pinia.CgQSnxxV.entry.js                         5.66 kB │ gzip:     2.57 kB
app build: dist/assets/ug-CtPaQajX.js                                  5.71 kB │ gzip:     2.16 kB
app build: dist/assets/hu-D8AbdFYD.js                                  5.72 kB │ gzip:     2.33 kB
app build: dist/assets/crystal-C9eLReCa.js                             5.74 kB │ gzip:     2.40 kB
app build: dist/assets/sq-H0aD5YEE.js                                  5.74 kB │ gzip:     2.14 kB
app build: dist/assets/ecl-D_xsCiWt.js                                 5.75 kB │ gzip:     2.63 kB
app build: dist/assets/ms-BuW7On9I.js                                  5.77 kB │ gzip:     1.98 kB
app build: dist/assets/id-B_3T7S68.js                                  5.78 kB │ gzip:     1.98 kB
app build: dist/assets/ttcn-DXr4DCTk.js                                5.85 kB │ gzip:     2.62 kB
app build: dist/assets/af-GRP8rNk1.js                                  5.86 kB │ gzip:     2.11 kB
app build: dist/assets/da-BkqGr5pu.js                                  5.87 kB │ gzip:     2.08 kB
app build: dist/assets/ro-yqUBpkxp.js                                  5.90 kB │ gzip:     2.14 kB
app build: dist/assets/is-CwK7tO4q.js                                  5.93 kB │ gzip:     2.16 kB
app build: dist/assets/tr-BdwhzJ9r.js                                  5.94 kB │ gzip:     2.28 kB
app build: dist/assets/sv-DoZKi_7t.js                                  5.94 kB │ gzip:     2.21 kB
app build: dist/assets/fa-IR-CtPaeEtV.js                               5.96 kB │ gzip:     2.44 kB
app build: dist/assets/hy-DSNkgkj7.js                                  5.97 kB │ gzip:     2.42 kB
app build: dist/assets/bg-C-trKUai.js                                  5.98 kB │ gzip:     2.64 kB
app build: dist/assets/gl-BgcjlYYz.js                                  6.03 kB │ gzip:     2.17 kB
app build: dist/assets/mt-Dp0WJEVV.js                                  6.04 kB │ gzip:     2.21 kB
app build: dist/assets/hi-Dw32xmgd.js                                  6.06 kB │ gzip:     2.49 kB
app build: dist/assets/julia-DrhOxSLg.js                               6.08 kB │ gzip:     2.51 kB
app build: dist/assets/pt-BR-BAN9FM3X.js                               6.11 kB │ gzip:     2.23 kB
app build: dist/assets/es-DujwrTEX.js                                  6.20 kB │ gzip:     2.18 kB
app build: dist/assets/pt-DIGki66L.js                                  6.22 kB │ gzip:     2.15 kB
app build: dist/assets/th-CXT_Q7xW.js                                  6.28 kB │ gzip:     2.47 kB
app build: dist/assets/el-B5VYRBfH.js                                  6.30 kB │ gzip:     2.76 kB
app build: dist/assets/ka-UKi21-gK.js                                  6.38 kB │ gzip:     2.36 kB
app build: dist/assets/he-Doh5px4d.js                                  6.42 kB │ gzip:     2.55 kB
app build: dist/assets/it-BaklscTX.js                                  6.42 kB │ gzip:     2.20 kB
app build: dist/assets/gd-CUNg8uYV.js                                  6.44 kB │ gzip:     2.36 kB
app build: dist/assets/eu-De9enaLM.js                                  6.46 kB │ gzip:     2.14 kB
app build: dist/assets/vbscript-fHYybcGI.js                            6.48 kB │ gzip:     2.92 kB
app build: dist/assets/mirc-BqlyNdfO.js                                6.53 kB │ gzip:     3.02 kB
app build: dist/assets/fi-BXhuBSHI.js                                  6.55 kB │ gzip:     2.25 kB
app build: dist/assets/cy-CYlAiLvZ.js                                  6.58 kB │ gzip:     2.35 kB
app build: dist/assets/ar-SA-Cg3VBjLR.js                               6.59 kB │ gzip:     2.44 kB
app build: dist/assets/ar-MA-BjvaFutz.js                               6.61 kB │ gzip:     2.45 kB
app build: dist/assets/ku-TR-J1sgNKdl.js                               6.61 kB │ gzip:     2.85 kB
app build: dist/assets/az-DbA4M_ro.js                                  6.63 kB │ gzip:     2.40 kB
app build: dist/assets/ar-DZ-BM9i1FQA.js                               6.66 kB │ gzip:     2.48 kB
app build: dist/assets/bn-BqcXjdG5.js                                  6.71 kB │ gzip:     2.59 kB
app build: dist/assets/te-IN-B4fg5gC-.js                               6.80 kB │ gzip:     3.45 kB
app build: dist/assets/cobol-CSxIUe_I.js                               6.82 kB │ gzip:     3.31 kB
app build: dist/assets/ca-CzAn3ZZC.js                                  6.94 kB │ gzip:     2.38 kB
app build: dist/assets/scheme-owahiFRL.js                              6.97 kB │ gzip:     2.70 kB
app build: dist/assets/rst-Bbtjkigf.js                                 7.00 kB │ gzip:     2.40 kB
app build: dist/assets/python-DhV0unyz.js                              7.07 kB │ gzip:     3.08 kB
app build: dist/assets/mn-BJxIqnL3.js                                  7.07 kB │ gzip:     2.61 kB
app build: dist/assets/et-DvNW3ClR.js                                  7.18 kB │ gzip:     2.19 kB
app build: dist/assets/vi-CCg_ZpMF.js                                  7.28 kB │ gzip:     2.63 kB
app build: dist/assets/xquery-C-I31PPM.js                              7.32 kB │ gzip:     2.90 kB
app build: dist/assets/nsis-BibUiaRO.js                                7.38 kB │ gzip:     3.31 kB
app build: dist/assets/te-DF_VBeRA.js                                  7.41 kB │ gzip:     2.53 kB
app build: dist/assets/textile-Dez61cDJ.js                             7.49 kB │ gzip:     2.78 kB
app build: dist/assets/lb-2_n0vcQL.js                                  7.71 kB │ gzip:     2.49 kB
app build: dist/assets/kn-BcUUnzSX.js                                  7.77 kB │ gzip:     2.60 kB
app build: dist/assets/slim-7ncnRNsC.js                                7.91 kB │ gzip:     2.92 kB
app build: dist/assets/nginx-BGdNFsqB.js                               7.95 kB │ gzip:     3.06 kB
app build: dist/assets/lt-adG9Pn7F.js                                  7.97 kB │ gzip:     2.70 kB
app build: dist/assets/sr-CoUKhlBm.js                                  8.18 kB │ gzip:     2.70 kB
app build: dist/assets/sk-DbwfGW4D.js                                  8.21 kB │ gzip:     2.79 kB
app build: dist/assets/ta-CKuk_Ygi.js                                  8.22 kB │ gzip:     2.78 kB
app build: dist/assets/sr-Latn-lF26-Ynw.js                             8.24 kB │ gzip:     2.46 kB
app build: dist/assets/powershell-CFL63NJz.js                          8.42 kB │ gzip:     3.67 kB
app build: dist/assets/pl-Deh7kvOL.js                                  8.46 kB │ gzip:     2.84 kB
app build: dist/assets/pug-Dqx7_I3K.js                                 8.50 kB │ gzip:     2.64 kB
app build: dist/assets/hr-CZ1g3I-5.js                                  8.51 kB │ gzip:     2.56 kB
app build: dist/assets/gherkin-bvrAPiBM.js                             8.58 kB │ gzip:     5.49 kB
app build: dist/assets/haxe-Dnq4-DjY.js                                8.65 kB │ gzip:     3.31 kB
app build: dist/assets/lv-BV45SngU.js                                  8.70 kB │ gzip:     2.58 kB
app build: dist/assets/erlang-C_AhQs-I.js                              8.72 kB │ gzip:     3.24 kB
app build: dist/assets/fo-FO-C8VkGziH.js                               8.78 kB │ gzip:     3.40 kB
app build: dist/assets/bn-IN-D7zOC6lT.js                               8.98 kB │ gzip:     3.92 kB
app build: dist/assets/af-ZA-BAgyiyXa.js                               9.86 kB │ gzip:     3.60 kB
app build: dist/assets/sas-B1r2Zu0y.js                                 9.92 kB │ gzip:     4.43 kB
app build: dist/assets/kk-EhayWQJ1.js                                 10.17 kB │ gzip:     3.07 kB
app build: dist/assets/perl-Dy7AZaOj.js                               10.39 kB │ gzip:     3.80 kB
app build: dist/assets/cs-DKlpQSrr.js                                 10.41 kB │ gzip:     2.83 kB
app build: dist/assets/uk-JiIm5keF.js                                 10.54 kB │ gzip:     3.33 kB
app build: dist/assets/ru-BuzoIMvD.js                                 10.54 kB │ gzip:     3.30 kB
app build: dist/assets/be-ClacvXW0.js                                 10.78 kB │ gzip:     3.36 kB
app build: dist/assets/soy-CCIBlBkb.js                                10.81 kB │ gzip:     3.54 kB
app build: dist/assets/sl-DQuNMmlK.js                                 10.85 kB │ gzip:     2.85 kB
app build: dist/assets/verilog-DYOFrvIk.js                            11.12 kB │ gzip:     4.60 kB
app build: dist/assets/show-hint-CLkSDOF-.js                          11.12 kB │ gzip:     4.13 kB
app build: dist/assets/jsonlint--2yu7YVM.js                           11.37 kB │ gzip:     4.44 kB
app build: dist/assets/clojure-unf815iO.js                            11.53 kB │ gzip:     4.37 kB
app build: dist/assets/idl-2ASTxXaj.js                                12.26 kB │ gzip:     4.89 kB
app build: dist/assets/ms-MY-aSf3-Hmv.js                              12.67 kB │ gzip:     4.62 kB
app build: dist/assets/sr-SP-BY0Ihd9g.js                              13.63 kB │ gzip:     5.58 kB
app build: dist/assets/php-mobWo_VA.js                                14.36 kB │ gzip:     5.53 kB
app build: dist/assets/az-AZ-Cpf-zHHl.js                              14.57 kB │ gzip:     5.06 kB
app build: dist/assets/he-IL-CR-tHeJz.js                              16.01 kB │ gzip:     6.00 kB
app build: dist/assets/clike-DSF8M3HD.js                              21.52 kB │ gzip:     7.75 kB
app build: dist/assets/is-IS-il6FCz_d.js                              21.97 kB │ gzip:     8.35 kB
app build: dist/assets/vue-router.CUNOcKiw.entry.js                   25.47 kB │ gzip:    10.29 kB
app build: dist/assets/vue.runtime.esm-bundler-5xC1UApn.js            26.10 kB │ gzip:    10.82 kB
app build: dist/assets/stylus-CEP5RDfV.js                             26.52 kB │ gzip:     9.09 kB
app build: dist/assets/hi-IN-CAShrw1A.js                              26.76 kB │ gzip:    10.69 kB
app build: dist/assets/css-hKiL0C6c.js                                27.81 kB │ gzip:     8.75 kB
app build: dist/assets/el-GR-9oh9jfbv.js                              28.12 kB │ gzip:    10.68 kB
app build: dist/assets/index-BnGSFciG.js                              46.65 kB │ gzip:    19.12 kB
app build: dist/assets/vue-i18n.CR_BJTw4.entry.js                     47.61 kB │ gzip:    16.27 kB
app build: dist/assets/sql-DwwzVt6k.js                                47.89 kB │ gzip:    14.21 kB
app build: dist/assets/no-NO-DcLvDlD_.js                              53.05 kB │ gzip:    17.34 kB
app build: dist/assets/eo-UY-lyIJ4KgC.js                              57.29 kB │ gzip:    18.77 kB
app build: dist/assets/br-FR-7KEOVXnj.js                              65.50 kB │ gzip:    20.88 kB
app build: dist/assets/sr-CS-BC0m_BLM.js                              66.88 kB │ gzip:    22.21 kB
app build: dist/assets/vi-VN-ComQP-dq.js                              68.70 kB │ gzip:    23.79 kB
app build: dist/assets/ja-JP-DKAMv7zS.js                              73.09 kB │ gzip:    28.98 kB
app build: dist/assets/sl-SI-Bkm9IRmn.js                              74.12 kB │ gzip:    24.58 kB
app build: dist/assets/th-TH-DgnFPmTa.js                              74.14 kB │ gzip:    28.10 kB
app build: dist/assets/et-EE-CdvjmWQp.js                              76.54 kB │ gzip:    25.61 kB
app build: dist/assets/pt-PT-BueTVqg6.js                              78.63 kB │ gzip:    25.13 kB
app build: dist/assets/runtime-core.esm-bundler-ClgvGijD.js           83.21 kB │ gzip:    32.94 kB
app build: dist/assets/en-CA-QRi_97wV.js                              84.05 kB │ gzip:    26.65 kB
app build: dist/assets/zh-TW-DeysaneG.js                              86.84 kB │ gzip:    36.21 kB
app build: dist/assets/id-ID-Dw08yDR2.js                              88.61 kB │ gzip:    28.12 kB
app build: dist/assets/fi-FI-DGoNUZKO.js                              92.51 kB │ gzip:    30.34 kB
app build: dist/assets/sv-SE-BBJFS4PC.js                              95.25 kB │ gzip:    30.66 kB
app build: dist/assets/ca-ES-Dqt2Wjp-.js                              95.62 kB │ gzip:    30.62 kB
app build: dist/assets/ne-NP-DEYXXE2j.js                              98.54 kB │ gzip:    36.42 kB
app build: dist/assets/ro-RO-DiqPKB5I.js                             101.66 kB │ gzip:    32.54 kB
app build: dist/assets/nl-NL-DGjhcMuA.js                             106.00 kB │ gzip:    33.56 kB
app build: dist/assets/bs-BA-D3aJrxC4.js                             106.01 kB │ gzip:    33.88 kB
app build: dist/assets/en-GB-BAkLfjnm.js                             106.18 kB │ gzip:    33.54 kB
app build: dist/assets/zh-CN-C7ej6tDU.js                             108.80 kB │ gzip:    45.55 kB
app build: dist/assets/ko-KR-49MMgkrP.js                             109.29 kB │ gzip:    44.02 kB
app build: dist/assets/da-DK-CDcFKEgG.js                             111.17 kB │ gzip:    35.75 kB
app build: dist/assets/fa-IR-0qpnBaPY.js                             112.64 kB │ gzip:    40.35 kB
app build: dist/assets/hu-HU-oyccSvBQ.js                             113.47 kB │ gzip:    37.45 kB
app build: dist/assets/ar-SA-Bs8gwlbb.js                             117.27 kB │ gzip:    41.58 kB
app build: dist/assets/tr-TR-BNZzxQs4.js                             131.39 kB │ gzip:    43.27 kB
app build: dist/assets/bg-BG-CdEB3wiN.js                             136.53 kB │ gzip:    47.19 kB
app build: dist/assets/mr-IN-BszUiu7T.js                             137.08 kB │ gzip:    51.16 kB
app build: dist/assets/hr-HR-BxsttotG.js                             138.27 kB │ gzip:    44.48 kB
app build: dist/assets/sk-SK-Dy6lNFfL.js                             138.32 kB │ gzip:    45.77 kB
app build: dist/assets/cs-CZ-ogNiTDRE.js                             138.33 kB │ gzip:    45.80 kB
app build: dist/assets/pl-PL-DTdHstk6.js                             139.24 kB │ gzip:    45.23 kB
app build: dist/assets/ckb-IR-DKDl4iF6.js                            141.55 kB │ gzip:    48.31 kB
app build: dist/assets/mn-MN-DerOVGXK.js                             141.99 kB │ gzip:    48.61 kB
app build: dist/assets/kmr-TR-VRsgk1W9.js                            142.09 kB │ gzip:    45.15 kB
app build: dist/assets/pt-BR-C7sdSzMk.js                             142.59 kB │ gzip:    45.10 kB
app build: dist/assets/uk-UA-D5EOiEjg.js                             142.90 kB │ gzip:    51.32 kB
app build: dist/assets/lt-LT-D1igMIAk.js                             142.94 kB │ gzip:    46.17 kB
app build: dist/assets/sq-AL-C7-FEmTI.js                             144.07 kB │ gzip:    45.98 kB
app build: dist/assets/de-DE-Hy65GGkk.js                             146.05 kB │ gzip:    45.62 kB
app build: dist/assets/it-IT-CLAb84-l.js                             146.94 kB │ gzip:    44.94 kB
app build: dist/assets/ru-RU-Bd7sM3R_.js                             146.96 kB │ gzip:    52.15 kB
app build: dist/assets/es-419-DCcG9y8y.js                            147.35 kB │ gzip:    46.18 kB
app build: dist/assets/es-MX-7sg_ZgLr.js                             147.53 kB │ gzip:    45.80 kB
app build: dist/assets/es-ES-BXyvAKI0.js                             147.56 kB │ gzip:    46.15 kB
app build: dist/assets/es-CL-BWTX-isQ.js                             147.58 kB │ gzip:    46.13 kB
app build: dist/assets/fr-CA-CF9Z8j36.js                             149.61 kB │ gzip:    46.25 kB
app build: dist/assets/fr-FR-CE_HHS1z.js                             149.68 kB │ gzip:    46.23 kB
app build: dist/assets/index-CQsZK4H4.js                             450.99 kB │ gzip:   125.46 kB
app build: dist/assets/input-rich-text-html-u8KkGICy.js            1,238.98 kB │ gzip:   429.72 kB
app build: dist/assets/index.B01Up9Ar.entry.js                     5,883.88 kB │ gzip: 1,760.02 kB
app build: ✓ built in 1m 5s
app build: (!) Some chunks are larger than 500 kB after minification. Consider:
app build: - Using dynamic import() to code-split the application
app build: - Use build.rollupOptions.output.manualChunks to improve chunking: https://rollupjs.org/configuration-options/#output-manualchunks
app build: - Adjust chunk size limit for this warning via build.chunkSizeWarningLimit.
app build: Done
api build$ rimraf ./dist && tsc --project tsconfig.prod.json && copyfiles "src/**/*.{yaml,liquid}" -u 1 dist
api build: Done

> test
> pnpm --recursive --filter '!tests-blackbox' test

Scope: 40 of 42 workspace projects
packages/format-title test$ vitest --watch=false
packages/random test$ vitest --watch=false
packages/release-notes-generator test$ vitest --watch=false
packages/storage test$ vitest --watch=false
packages/release-notes-generator test:  RUN  v2.1.9 /workspace/directus/packages/release-notes-generator
packages/storage test:  RUN  v2.1.9 /workspace/directus/packages/storage
packages/random test:  RUN  v2.1.9 /workspace/directus/packages/random
packages/format-title test:  RUN  v2.1.9 /workspace/directus/packages/format-title
packages/storage test:  ✓ src/index.test.ts (6 tests) 41ms
packages/random test:  ✓ src/alpha.test.ts (1 test) 4ms
packages/random test:  ✓ src/array.test.ts (1 test) 6ms
packages/random test:  ✓ src/sequence.test.ts (2 tests) 5ms
packages/storage test:  Test Files  1 passed (1)
packages/storage test:       Tests  6 passed (6)
packages/storage test:    Start at  12:22:11
packages/storage test:    Duration  1.03s (transform 281ms, setup 0ms, collect 226ms, tests 41ms, environment 0ms, prepare 278ms)
packages/storage test: Done
packages/update-check test$ vitest --watch=false
packages/format-title test:  ✓ src/constants/constants.test.ts (1 test) 4ms
packages/release-notes-generator test:  ✓ src/utils/get-info.test.ts (1 test) 21ms
packages/format-title test:  ✓ src/utils/handle-special-words.test.ts (9 tests) 23ms
packages/release-notes-generator test:  ✓ src/utils/generate-markdown.test.ts (3 tests) 33ms
packages/format-title test:  ✓ src/index.test.ts (5 tests) 26ms
packages/release-notes-generator test: stderr | src/utils/process-packages.test.ts > should fail if main version is missing
packages/release-notes-generator test: Promise returned by `expect(actual).rejects.toThrow(expected)` was not awaited. Vitest currently auto-awaits hanging assertions at the end of the test, but this will cause the test to fail in Vitest 3. Please remember to await the assertion.
packages/release-notes-generator test:     at /workspace/directus/packages/release-notes-generator/src/utils/process-packages.test.ts:67:32
packages/release-notes-generator test: stderr | src/utils/process-packages.test.ts > should fail with manually defined version when not in prerelease mode
packages/release-notes-generator test: Promise returned by `expect(actual).rejects.toThrow(expected)` was not awaited. Vitest currently auto-awaits hanging assertions at the end of the test, but this will cause the test to fail in Vitest 3. Please remember to await the assertion.
packages/release-notes-generator test:     at /workspace/directus/packages/release-notes-generator/src/utils/process-packages.test.ts:84:32
packages/release-notes-generator test:  ✓ src/utils/process-packages.test.ts (10 tests) 187ms
packages/random test:  ✓ src/integer.test.ts (1 test) 14ms
packages/random test:  ✓ src/identifier.test.ts (1 test) 6ms
packages/format-title test:  ✓ src/utils/capitalize.test.ts (1 test) 7ms
packages/random test:  ✓ src/uuid.test.ts (2 tests) 32ms
packages/random test:  Test Files  6 passed (6)
packages/random test:       Tests  8 passed (8)
packages/random test:    Start at  12:22:11
packages/random test:    Duration  2.28s (transform 485ms, setup 0ms, collect 855ms, tests 67ms, environment 14ms, prepare 2.11s)
packages/format-title test:  ✓ src/utils/decamelize.test.ts (1 test) 6ms
packages/format-title test:  ✓ src/utils/combine.test.ts (1 test) 3ms
packages/random test: Done
tests/build-memory test$ node --test test.mjs
packages/release-notes-generator test:  ✓ src/utils/process-release-lines.test.ts (2 tests) 20ms
packages/format-title test:  Test Files  6 passed (6)
packages/format-title test:       Tests  18 passed (18)
packages/format-title test:    Start at  12:22:11
packages/format-title test:    Duration  2.35s (transform 581ms, setup 0ms, collect 855ms, tests 68ms, environment 4ms, prepare 1.77s)
packages/release-notes-generator test:  Test Files  4 passed (4)
packages/release-notes-generator test:       Tests  16 passed (16)
packages/release-notes-generator test:    Start at  12:22:11
packages/release-notes-generator test:    Duration  2.38s (transform 515ms, setup 0ms, collect 1.45s, tests 261ms, environment 3ms, prepare 1.21s)
packages/format-title test: Done
packages/update-check test:  RUN  v2.1.9 /workspace/directus/packages/update-check
packages/release-notes-generator test: Done
tests/build-memory test: TAP version 13
tests/build-memory test: # Subtest: build and start with in-memory sqlite
tests/build-memory test: ok 1 - build and start with in-memory sqlite # SKIP
tests/build-memory test:   ---
tests/build-memory test:   duration_ms: 0.761509
tests/build-memory test:   type: 'test'
tests/build-memory test:   ...
tests/build-memory test: 1..1
tests/build-memory test: # tests 1
tests/build-memory test: # suites 0
tests/build-memory test: # pass 0
tests/build-memory test: # fail 0
tests/build-memory test: # cancelled 0
tests/build-memory test: # skipped 1
tests/build-memory test: # todo 0
tests/build-memory test: # duration_ms 72.34357
tests/build-memory test: Done
packages/update-check test:  ✓ src/index.test.ts (2 tests) 23ms
packages/update-check test:  Test Files  1 passed (1)
packages/update-check test:       Tests  2 passed (2)
packages/update-check test:    Start at  12:22:14
packages/update-check test:    Duration  613ms (transform 86ms, setup 0ms, collect 290ms, tests 23ms, environment 0ms, prepare 113ms)
packages/update-check test: Done
packages/errors test$ vitest --typecheck --watch=false
packages/storage-driver-local test$ vitest --watch=false
sdk test$ vitest --typecheck --watch=false
sdk test: Testing types with tsc and vue-tsc is an experimental feature.
sdk test: Breaking changes might not follow SemVer, please pin Vitest's version when using it.
packages/storage-driver-local test:  RUN  v2.1.9 /workspace/directus/packages/storage-driver-local
packages/errors test: Testing types with tsc and vue-tsc is an experimental feature.
packages/errors test: Breaking changes might not follow SemVer, please pin Vitest's version when using it.
sdk test:  RUN  v2.1.9 /workspace/directus/sdk
packages/errors test:  RUN  v2.1.9 /workspace/directus/packages/errors
sdk test: (node:18495) ExperimentalWarning: glob is an experimental feature and might change at any time
sdk test: (Use `node --trace-warnings ...` to show where the warning was created)
sdk test:  ✓ tests/exports.test.ts (2 tests) 40ms
packages/errors test:  ✓ src/create-error.test.ts (5 tests) 28ms
packages/storage-driver-local test:  ✓ src/index.test.ts (28 tests) 86ms
packages/storage-driver-local test:  Test Files  1 passed (1)
packages/storage-driver-local test:       Tests  28 passed (28)
packages/storage-driver-local test:    Start at  12:22:15
packages/storage-driver-local test:    Duration  1.30s (transform 399ms, setup 0ms, collect 589ms, tests 86ms, environment 7ms, prepare 212ms)
packages/storage-driver-local test: Done
packages/errors test:  ✓ src/errors/value-out-of-range.test.ts (5 tests) 8ms
packages/errors test:  ✓ src/errors/record-not-unique.test.ts (5 tests) 23ms
packages/errors test:  ✓ src/errors/invalid-foreign-key.test.ts (5 tests) 42ms
packages/errors test:  ✓ src/errors/not-null-violation.test.ts (4 tests) 7ms
packages/errors test:  ✓ src/errors/value-too-long.test.ts (5 tests) 4ms
packages/errors test:  ✓ src/is-directus-error.test.ts (3 tests) 4ms
packages/errors test:  ✓ src/errors/contains-null-values.test.ts (1 test) 4ms
packages/errors test:  ✓ src/errors/range-not-satisfiable.test.ts (1 test) 3ms
packages/errors test:  ✓ src/errors/invalid-payload.test.ts (1 test) 3ms
packages/errors test:  ✓  TS  src/is-directus-error.test-d.ts (4 tests)
packages/errors test:  ✓ src/errors/invalid-query.test.ts (1 test) 3ms
packages/errors test:  ✓ src/errors/limit-exceeded.test.ts (1 test) 20ms
packages/errors test:  ✓ src/errors/hit-rate-limit.test.ts (1 test) 13ms
packages/errors test:  ✓ src/errors/unsupported-media-type.test.ts (1 test) 10ms
packages/errors test:  Test Files  15 passed (15)
packages/errors test:       Tests  43 passed (43)
packages/errors test: Type Errors  no errors
packages/errors test:    Start at  12:22:15
packages/errors test:    Duration  4.52s (transform 784ms, setup 0ms, collect 3.50s, tests 171ms, environment 8ms, prepare 2.78s, typecheck 3.12s)
packages/errors test: Done
sdk test:  ✓  TS  tests/no-schema.test-d.ts (3 tests)
sdk test:  ✓  TS  tests/fields.test-d.ts (4 tests)
sdk test:  ✓  TS  tests/filters.test-d.ts (1 test)
sdk test:  Test Files  4 passed (4)
sdk test:       Tests  10 passed (10)
sdk test: Type Errors  no errors
sdk test:    Start at  12:22:15
sdk test:    Duration  7.03s (transform 41ms, setup 0ms, collect 50ms, tests 40ms, environment 1ms, prepare 273ms, typecheck 6.75s)
sdk test: Done
packages/schema-builder test$ vitest --watch=false
packages/schema-builder test:  RUN  v2.1.9 /workspace/directus/packages/schema-builder
packages/schema-builder test:  ✓ src/builder.test.ts (14 tests) 34ms
packages/schema-builder test:  Test Files  1 passed (1)
packages/schema-builder test:       Tests  14 passed (14)
packages/schema-builder test:    Start at  12:22:22
packages/schema-builder test:    Duration  887ms (transform 139ms, setup 0ms, collect 541ms, tests 34ms, environment 0ms, prepare 83ms)
packages/schema-builder test: Done
packages/utils test$ vitest --watch=false
packages/utils test:  RUN  v2.1.9 /workspace/directus/packages/utils
packages/utils test:  ✓ shared/generate-joi.test.ts (72 tests) 93ms
packages/utils test:  ✓ shared/get-relation.test.ts (8 tests) 21ms
packages/utils test:  ✓ shared/compress.test.ts (19 tests) 12ms
packages/utils test:  ✓ shared/parse-filter.test.ts (25 tests) 19ms
packages/utils test:  ✓ shared/validate-payload.test.ts (17 tests) 36ms
packages/utils test:  ✓ shared/apply-options-data.test.ts (12 tests) 9ms
packages/utils test:  ✓ shared/get-filter-operators-for-type.test.ts (9 tests) 6ms
packages/utils test:  ✓ shared/get-with-arrays.test.ts (8 tests) 5ms
packages/utils test:  ✓ shared/deep-map.test.ts (13 tests) 6ms
packages/utils test:  ✓ shared/functions.test.ts (9 tests) 7ms
packages/utils test:  ✓ shared/add-field-flag.test.ts (4 tests) 4ms
packages/utils test:  ✓ shared/adjust-date.test.ts (9 tests) 8ms
packages/utils test:  ✓ shared/get-collection-type.test.ts (3 tests) 4ms
packages/utils test:  ✓ shared/get-relation-type.test.ts (3 tests) 3ms
packages/utils test:  ✓ shared/sieve-functions.test.ts (6 tests) 5ms
packages/utils test:  ✓ shared/abbreviate-number.test.ts (9 tests) 5ms
packages/utils test:  ✓ shared/parse-filter-function-path.test.ts (6 tests) 5ms
packages/utils test:  ✓ shared/normalize-path.test.ts (10 tests) 5ms
packages/utils test:  ✓ node/process-id.test.ts (2 tests) 7ms
packages/utils test:  ✓ shared/inject-function-results.test.ts (4 tests) 7ms
packages/utils test:  ✓ node/array-helpers.test.ts (5 tests) 4ms
packages/utils test:  ✓ shared/array-helpers.test.ts (5 tests) 4ms
packages/utils test:  ✓ shared/move-in-array.test.ts (4 tests) 40ms
packages/utils test:  ✓ shared/merge-filters.test.ts (4 tests) 5ms
packages/utils test:  ✓ node/path-to-relative-url.test.ts (2 tests) 5ms
packages/utils test:  ✓ shared/parse-json.test.ts (3 tests) 6ms
packages/utils test:  ✓ node/list-folders.test.ts (1 test) 9ms
packages/utils test:  ✓ shared/is-vue-component.test.ts (2 tests) 3ms
packages/utils test:  ✓ shared/is-dynamic-variable.test.ts (8 tests) 5ms
packages/utils test:  ✓ shared/defaults.test.ts (2 tests) 3ms
packages/utils test:  ✓ shared/get-fields-from-template.test.ts (2 tests) 4ms
packages/utils test:  ✓ shared/is-object.test.ts (8 tests) 5ms
packages/utils test: stderr | node/readable-stream-to-string.test.ts > Returns readable stream as string
packages/utils test: Promise returned by `expect(actual).resolves.toBe(expected)` was not awaited. Vitest currently auto-awaits hanging assertions at the end of the test, but this will cause the test to fail in Vitest 3. Please remember to await the assertion.
packages/utils test:     at /workspace/directus/packages/utils/node/readable-stream-to-string.test.ts:9:48
packages/utils test: stderr | node/readable-stream-to-string.test.ts > Returns readable stream as string
packages/utils test: Promise returned by `expect(actual).resolves.toBe(expected)` was not awaited. Vitest currently auto-awaits hanging assertions at the end of the test, but this will cause the test to fail in Vitest 3. Please remember to await the assertion.
packages/utils test:     at /workspace/directus/packages/utils/node/readable-stream-to-string.test.ts:9:48
packages/utils test:  ✓ node/readable-stream-to-string.test.ts (2 tests) 13ms
packages/utils test:  ✓ shared/is-valid-json.test.ts (2 tests) 4ms
packages/utils test:  ✓ shared/get-simple-hash.test.ts (2 tests) 4ms
packages/utils test:  ✓ shared/to-array.test.ts (2 tests) 4ms
packages/utils test:  ✓ shared/get-endpoint.test.ts (2 tests) 3ms
packages/utils test:  ✓ shared/to-boolean.test.ts (11 tests) 7ms
packages/utils test:  ✓ shared/get-redacted-string.test.ts (2 tests) 3ms
packages/utils test:  ✓ node/pluralize.test.ts (2 tests) 3ms
packages/utils test:  ✓ shared/number-generator.test.ts (1 test) 3ms
packages/utils test:  ✓ shared/pluralize.test.ts (2 tests) 6ms
packages/utils test:  ✓ node/get-node-env.test.ts (1 test) 3ms
packages/utils test:  Test Files  43 passed (43)
packages/utils test:       Tests  323 passed (323)
packages/utils test:    Start at  12:22:24
packages/utils test:    Duration  9.42s (transform 1.06s, setup 0ms, collect 13.77s, tests 416ms, environment 10ms, prepare 4.73s)
packages/utils test: Done
packages/env test$ vitest --watch=false
packages/memory test$ vitest --watch=false
packages/storage-driver-azure test$ vitest --watch=false
packages/pressure test$ vitest --watch=false
packages/env test:  RUN  v2.1.9 /workspace/directus/packages/env
packages/memory test:  RUN  v2.1.9 /workspace/directus/packages/memory
packages/pressure test:  RUN  v2.1.9 /workspace/directus/packages/pressure
packages/storage-driver-azure test:  RUN  v2.1.9 /workspace/directus/packages/storage-driver-azure
packages/pressure test:  ✓ src/monitor.test.ts (16 tests) 24ms
packages/pressure test:  Test Files  1 passed (1)
packages/pressure test:       Tests  16 passed (16)
packages/pressure test:    Start at  12:22:33
packages/pressure test:    Duration  4.93s (transform 426ms, setup 0ms, collect 3.90s, tests 24ms, environment 0ms, prepare 255ms)
packages/pressure test: Done
packages/storage-driver-cloudinary test$ vitest --watch=false
packages/memory test: stderr | src/kv/lib/local.test.ts > increment > Errors if key does not contain number
packages/memory test: Promise returned by `expect(actual).rejects.toMatchInlineSnapshot(expected)` was not awaited. Vitest currently auto-awaits hanging assertions at the end of the test, but this will cause the test to fail in Vitest 3. Please remember to await the assertion.
packages/memory test:     at /workspace/directus/packages/memory/src/kv/lib/local.test.ts:127:31
packages/memory test: stderr | src/kv/lib/local.test.ts > setMax > Errors if key does not contain number
packages/memory test: Promise returned by `expect(actual).rejects.toMatchInlineSnapshot(expected)` was not awaited. Vitest currently auto-awaits hanging assertions at the end of the test, but this will cause the test to fail in Vitest 3. Please remember to await the assertion.
packages/memory test:     at /workspace/directus/packages/memory/src/kv/lib/local.test.ts:139:39
packages/memory test:  ✓ src/kv/lib/local.test.ts (15 tests) 107ms
packages/storage-driver-azure test:  ✓ src/index.test.ts (29 tests) 145ms
packages/env test:  ✓ src/lib/read-configuration-from-file.test.ts (5 tests) 14ms
packages/storage-driver-azure test:  Test Files  1 passed (1)
packages/storage-driver-azure test:       Tests  29 passed (29)
packages/storage-driver-azure test:    Start at  12:22:33
packages/storage-driver-azure test:    Duration  6.14s (transform 609ms, setup 0ms, collect 5.17s, tests 145ms, environment 0ms, prepare 233ms)
packages/storage-driver-cloudinary test:  RUN  v2.1.9 /workspace/directus/packages/storage-driver-cloudinary
packages/storage-driver-azure test: Done
packages/env test:  ✓ src/lib/cast.test.ts (11 tests) 68ms
packages/storage-driver-gcs test$ vitest --watch=false
packages/env test:  ✓ src/lib/create-env.test.ts (9 tests) 58ms
packages/memory test:  ✓ src/bus/lib/redis.test.ts (18 tests) 1667ms
packages/env test:  ✓ src/utils/guess-type.test.ts (14 tests) 15ms
packages/storage-driver-gcs test:  RUN  v2.1.9 /workspace/directus/packages/storage-driver-gcs
packages/memory test:  ✓ src/kv/lib/redis.test.ts (22 tests) 1187ms
packages/memory test:  ✓ src/bus/lib/local.test.ts (7 tests) 22ms
packages/env test:  ✓ src/utils/read-configuration-from-javascript.test.ts (5 tests) 94ms
packages/env test:  ✓ src/utils/read-configuration-from-json.test.ts (3 tests) 17ms
packages/env test:  ✓ src/utils/get-config-path.test.ts (2 tests) 9ms
packages/env test:  ✓ src/utils/read-configuration-from-dotenv.test.ts (3 tests) 37ms
packages/env test:  ✓ src/lib/create-env.int.test.ts (1 test) 15ms
packages/env test:  ✓ src/utils/read-configuration-from-yaml.test.ts (2 tests) 12ms
packages/env test:  ✓ src/utils/is-directus-variable.test.ts (3 tests) 5ms
packages/env test:  ✓ src/utils/get-default-type.test.ts (3 tests) 11ms
packages/memory test:  ✓ src/cache/lib/multi.test.ts (8 tests) 91ms
packages/storage-driver-cloudinary test:  ✓ src/index.test.ts (84 tests) 497ms
packages/storage-driver-cloudinary test:  Test Files  1 passed (1)
packages/storage-driver-cloudinary test:       Tests  84 passed (84)
packages/storage-driver-cloudinary test:    Start at  12:22:40
packages/storage-driver-cloudinary test:    Duration  6.57s (transform 909ms, setup 0ms, collect 5.35s, tests 497ms, environment 0ms, prepare 208ms)
packages/storage-driver-cloudinary test: Done
packages/storage-driver-s3 test$ vitest --watch=false
packages/memory test: stderr | src/limiter/utils/consume.test.ts > Rejects error as-is if error instance is given
packages/memory test: Promise returned by `expect(actual).rejects.toBe(expected)` was not awaited. Vitest currently auto-awaits hanging assertions at the end of the test, but this will cause the test to fail in Vitest 3. Please remember to await the assertion.
packages/memory test:     at /workspace/directus/packages/memory/src/limiter/utils/consume.test.ts:34:44
packages/memory test:  ✓ src/limiter/utils/consume.test.ts (3 tests) 22ms
packages/storage-driver-gcs test:  ✓ src/index.test.ts (26 tests) 58ms
packages/storage-driver-s3 test:  RUN  v2.1.9 /workspace/directus/packages/storage-driver-s3
packages/storage-driver-gcs test:  Test Files  1 passed (1)
packages/storage-driver-gcs test:       Tests  26 passed (26)
packages/storage-driver-gcs test:    Start at  12:22:41
packages/storage-driver-gcs test:    Duration  6.21s (transform 719ms, setup 0ms, collect 5.22s, tests 58ms, environment 0ms, prepare 392ms)
packages/storage-driver-gcs test: Done
packages/storage-driver-supabase test$ vitest --watch=false
packages/memory test:  ✓ src/cache/lib/local.test.ts (5 tests) 24ms
packages/memory test:  ✓ src/cache/lib/redis.test.ts (5 tests) 381ms
packages/memory test:  ✓ src/limiter/lib/local.test.ts (3 tests) 15ms
packages/memory test:  ✓ src/limiter/lib/redis.test.ts (3 tests) 111ms
packages/storage-driver-supabase test:  RUN  v2.1.9 /workspace/directus/packages/storage-driver-supabase
packages/env test:  ✓ src/utils/has-cast-prefix.test.ts (4 tests) 7ms
packages/memory test:  ✓ src/utils/is-compressed.test.ts (5 tests) 4ms
packages/memory test:  ✓ src/limiter/lib/create.test.ts (3 tests) 6ms
packages/env test:  ✓ src/utils/read-configuration-from-process.test.ts (1 test) 4ms
packages/memory test:  ✓ src/utils/compress.test.ts (5 tests) 14ms
packages/env test:  ✓ src/utils/is-file-key.test.ts (3 tests) 4ms
packages/env test:  ✓ src/utils/get-file-extension.test.ts (1 test) 10ms
packages/env test:  ✓ src/utils/try-json.test.ts (2 tests) 9ms
packages/env test:  ✓ src/lib/use-env.test.ts (2 tests) 3ms
packages/env test:  ✓ src/utils/remove-file-suffix.test.ts (1 test) 42ms
packages/env test:  Test Files  19 passed (19)
packages/env test:       Tests  75 passed (75)
packages/env test:    Start at  12:22:33
packages/env test:    Duration  18.37s (transform 1.59s, setup 0ms, collect 39.65s, tests 432ms, environment 5ms, prepare 4.94s)
packages/env test: Done
packages/validation test$ vitest --watch=false
packages/memory test:  ✓ src/cache/lib/create.test.ts (4 tests) 7ms
packages/validation test:  RUN  v2.1.9 /workspace/directus/packages/validation
packages/memory test:  ✓ src/bus/lib/create.test.ts (3 tests) 31ms
packages/storage-driver-s3 test: stderr | src/index.test.ts > #read > Throws an error when returned stream is not a readable stream
packages/storage-driver-s3 test: Promise returned by `expect(actual).rejects.toThrowError(expected)` was not awaited. Vitest currently auto-awaits hanging assertions at the end of the test, but this will cause the test to fail in Vitest 3. Please remember to await the assertion.
packages/storage-driver-s3 test:     at /workspace/directus/packages/storage-driver-s3/src/index.test.ts:374:65
packages/storage-driver-s3 test:  ✓ src/index.test.ts (42 tests) 372ms
packages/storage-driver-s3 test:  Test Files  1 passed (1)
packages/storage-driver-s3 test:       Tests  42 passed (42)
packages/storage-driver-s3 test:    Start at  12:22:47
packages/storage-driver-s3 test:    Duration  6.74s (transform 722ms, setup 0ms, collect 5.28s, tests 372ms, environment 2ms, prepare 253ms)
packages/storage-driver-s3 test: Done
packages/storage-driver-supabase test: stderr | src/index.test.ts > #read > Throws an error when returned stream is not a readable stream
packages/storage-driver-supabase test: Promise returned by `expect(actual).rejects.toThrowError(expected)` was not awaited. Vitest currently auto-awaits hanging assertions at the end of the test, but this will cause the test to fail in Vitest 3. Please remember to await the assertion.
packages/storage-driver-supabase test:     at /workspace/directus/packages/storage-driver-supabase/src/index.test.ts:316:65
packages/storage-driver-supabase test: stderr | src/index.test.ts > #stat > Throws an error no file is returned by list
packages/storage-driver-supabase test: Promise returned by `expect(actual).rejects.toThrowError(expected)` was not awaited. Vitest currently auto-awaits hanging assertions at the end of the test, but this will cause the test to fail in Vitest 3. Please remember to await the assertion.
packages/storage-driver-supabase test:     at /workspace/directus/packages/storage-driver-supabase/src/index.test.ts:389:40
packages/storage-driver-supabase test: stderr | src/index.test.ts > #stat > Throws an error if storage error is returned
packages/storage-driver-supabase test: Promise returned by `expect(actual).rejects.toThrowError(expected)` was not awaited. Vitest currently auto-awaits hanging assertions at the end of the test, but this will cause the test to fail in Vitest 3. Please remember to await the assertion.
packages/storage-driver-supabase test:     at /workspace/directus/packages/storage-driver-supabase/src/index.test.ts:400:40
packages/storage-driver-supabase test:  ✓ src/index.test.ts (39 tests) 115ms
packages/memory test:  ✓ src/utils/buffer-to-uint8array.test.ts (1 test) 3ms
packages/storage-driver-supabase test:  Test Files  1 passed (1)
packages/storage-driver-supabase test:       Tests  39 passed (39)
packages/storage-driver-supabase test:    Start at  12:22:49
packages/storage-driver-supabase test:    Duration  5.59s (transform 619ms, setup 0ms, collect 4.49s, tests 115ms, environment 0ms, prepare 360ms)
packages/storage-driver-supabase test: Done
packages/memory test:  ✓ src/kv/lib/create.test.ts (3 tests) 7ms
packages/memory test:  ✓ src/utils/uint8array-to-buffer.test.ts (1 test) 22ms
packages/memory test:  ✓ src/utils/string-to-uint8array.test.ts (1 test) 4ms
packages/memory test:  ✓ src/utils/uint8array-to-string.test.ts (1 test) 3ms
packages/memory test:  ✓ src/utils/with-namespace.test.ts (1 test) 3ms
packages/memory test:  ✓ src/utils/serialize.test.ts (5 tests) 4ms
packages/memory test:  Test Files  22 passed (22)
packages/memory test:       Tests  122 passed (122)
packages/memory test:    Start at  12:22:33
packages/memory test:    Duration  22.36s (transform 1.81s, setup 0ms, collect 45.40s, tests 3.73s, environment 13ms, prepare 5.34s)
packages/memory test: Done
packages/validation test:  ✓ src/errors/failed-validation.test.ts (17 tests) 9ms
packages/validation test:  Test Files  1 passed (1)
packages/validation test:       Tests  17 passed (17)
packages/validation test:    Start at  12:22:53
packages/validation test:    Duration  3.59s (transform 467ms, setup 0ms, collect 2.64s, tests 9ms, environment 0ms, prepare 474ms)
packages/validation test: Done
packages/extensions test$ vitest --watch=false
packages/extensions test:  RUN  v2.1.9 /workspace/directus/packages/extensions
packages/extensions test:  ✓ src/shared/utils/define-extension.test.ts (9 tests) 5ms
packages/extensions test:  ✓ src/node/utils/generate-extensions-entrypoint.test.ts (6 tests) 18ms
packages/extensions test:  Test Files  2 passed (2)
packages/extensions test:       Tests  15 passed (15)
packages/extensions test:    Start at  12:22:57
packages/extensions test:    Duration  646ms (transform 266ms, setup 0ms, collect 470ms, tests 23ms, environment 1ms, prepare 226ms)
packages/extensions test: Done
packages/extensions-registry test$ vitest --watch=false
packages/composables test$ vitest --watch=false
packages/composables test:  RUN  v2.1.9 /workspace/directus/packages/composables
packages/extensions-registry test:  RUN  v2.1.9 /workspace/directus/packages/extensions-registry
packages/extensions-registry test:  ✓ src/modules/list/lib/construct-url.test.ts (7 tests) 9ms
packages/extensions-registry test:  ✓ src/utils/get-api-version.test.ts (6 tests) 21ms
packages/extensions-registry test: stderr | src/modules/list/list.test.ts > Throws if version compatibility assertion throws
packages/extensions-registry test: Promise returned by `expect(actual).rejects.toBe(expected)` was not awaited. Vitest currently auto-awaits hanging assertions at the end of the test, but this will cause the test to fail in Vitest 3. Please remember to await the assertion.
packages/extensions-registry test:     at /workspace/directus/packages/extensions-registry/src/modules/list/list.test.ts:24:23
packages/extensions-registry test:  ✓ src/modules/list/list.test.ts (3 tests) 16ms
packages/extensions-registry test: stderr | src/utils/assert-version-compatibility.test.ts > Throws out of date error if current version is not supported
packages/extensions-registry test: Promise returned by `expect(actual).rejects.toBeInstanceOf(expected)` was not awaited. Vitest currently auto-awaits hanging assertions at the end of the test, but this will cause the test to fail in Vitest 3. Please remember to await the assertion.
packages/extensions-registry test:     at /workspace/directus/packages/extensions-registry/src/utils/assert-version-compatibility.test.ts:19:43
packages/extensions-registry test:  ✓ src/utils/assert-version-compatibility.test.ts (2 tests) 11ms
packages/extensions-registry test: stderr | src/modules/describe/describe.test.ts > Throws if version compatibility assertion throws
packages/extensions-registry test: Promise returned by `expect(actual).rejects.toBe(expected)` was not awaited. Vitest currently auto-awaits hanging assertions at the end of the test, but this will cause the test to fail in Vitest 3. Please remember to await the assertion.
packages/extensions-registry test:     at /workspace/directus/packages/extensions-registry/src/modules/describe/describe.test.ts:24:34
packages/extensions-registry test:  ✓ src/modules/describe/describe.test.ts (3 tests) 12ms
packages/extensions-registry test:  ✓ src/modules/describe/lib/construct-url.test.ts (3 tests) 3ms
packages/extensions-registry test:  Test Files  6 passed (6)
packages/extensions-registry test:       Tests  24 passed (24)
packages/extensions-registry test:    Start at  12:22:58
packages/extensions-registry test:    Duration  1.15s (transform 379ms, setup 0ms, collect 886ms, tests 73ms, environment 1ms, prepare 814ms)
packages/extensions-registry test: Done
packages/composables test:  ✓ src/use-items.test.ts (8 tests) 17ms
packages/composables test:  Test Files  1 passed (1)
packages/composables test:       Tests  8 passed (8)
packages/composables test:    Start at  12:22:58
packages/composables test:    Duration  3.59s (transform 582ms, setup 0ms, collect 3.19s, tests 17ms, environment 0ms, prepare 110ms)
packages/composables test: Done
packages/extensions-sdk test$ vitest --watch=false
packages/extensions-sdk test:  RUN  v2.1.9 /workspace/directus/packages/extensions-sdk
packages/extensions-sdk test:  ✓ src/cli/utils/get-package-manager-agent.test.ts (2 tests) 4ms
packages/extensions-sdk test:  ✓ src/cli/utils/get-package-manager.test.ts (4 tests) 4ms
packages/extensions-sdk test:  ✓ src/cli/utils/get-sdk-version.test.ts (1 test) 3ms
packages/extensions-sdk test: - Scaffolding Directus extension...
packages/extensions-sdk test: ✔ Done
packages/extensions-sdk test: stdout | directus-extension.test.ts
packages/extensions-sdk test: Your interface extension has been created at /workspace/directus/packages/extensions-sdk/temp-extension-validate-1752150187107
packages/extensions-sdk test: To start developing, run:
packages/extensions-sdk test: 	cd temp-extension-validate-1752150187107
packages/extensions-sdk test: 	pnpm run dev
packages/extensions-sdk test: To build for production, run:
packages/extensions-sdk test: 	pnpm run build
packages/extensions-sdk test: - Scaffolding Directus extension...
packages/extensions-sdk test: ✔ Done
packages/extensions-sdk test: stdout | directus-extension.test.ts > create and build > 'interface' extension with 'extension.config.js' config file
packages/extensions-sdk test: Your interface extension has been created at /workspace/directus/packages/extensions-sdk/temp-extension-init-interface-javascript-1752150193439
packages/extensions-sdk test: To start developing, run:
packages/extensions-sdk test: 	cd temp-extension-init-interface-javascript-1752150193439
packages/extensions-sdk test: 	pnpm run dev
packages/extensions-sdk test: To build for production, run:
packages/extensions-sdk test: 	pnpm run build
packages/extensions-sdk test: - Scaffolding Directus extension...
packages/extensions-sdk test: ✔ Done
packages/extensions-sdk test: stdout | directus-extension.test.ts > create and build > 'interface' extension with 'extension.config.js' config file
packages/extensions-sdk test: Your interface extension has been created at /workspace/directus/packages/extensions-sdk/temp-extension-init-interface-typescript-1752150193439
packages/extensions-sdk test: To start developing, run:
packages/extensions-sdk test: 	cd temp-extension-init-interface-typescript-1752150193439
packages/extensions-sdk test: 	pnpm run dev
packages/extensions-sdk test: To build for production, run:
packages/extensions-sdk test: 	pnpm run build
packages/extensions-sdk test: Failed
/workspace/directus/packages/extensions-sdk:
 ERR_PNPM_RECURSIVE_RUN_FIRST_FAIL  @directus/extensions-sdk@14.0.0 test: `vitest --watch=false`
Exit status 129
