Collecting sqlalchemy
  Downloading sqlalchemy-2.0.41-cp312-cp312-manylinux_2_17_x86_64.manylinux2014_x86_64.whl.metadata (9.6 kB)
Collecting fastapi
  Downloading fastapi-0.116.0-py3-none-any.whl.metadata (28 kB)
Collecting requests
  Using cached requests-2.32.4-py3-none-any.whl.metadata (4.9 kB)
Collecting httpx
  Using cached httpx-0.28.1-py3-none-any.whl.metadata (7.1 kB)
Collecting pyyaml
  Downloading PyYAML-6.0.2-cp312-cp312-manylinux_2_17_x86_64.manylinux2014_x86_64.whl.metadata (2.1 kB)
Collecting pyotp
  Downloading pyotp-2.9.0-py3-none-any.whl.metadata (9.8 kB)
Collecting cryptography
  Downloading cryptography-45.0.5-cp311-abi3-manylinux_2_34_x86_64.whl.metadata (5.7 kB)
Collecting psutil
  Downloading psutil-7.0.0-cp36-abi3-manylinux_2_12_x86_64.manylinux2010_x86_64.manylinux_2_17_x86_64.manylinux2014_x86_64.whl.metadata (22 kB)
Collecting fpdf2
  Downloading fpdf2-2.8.3-py2.py3-none-any.whl.metadata (69 kB)
Collecting greenlet>=1 (from sqlalchemy)
  Downloading greenlet-3.2.3-cp312-cp312-manylinux_2_24_x86_64.manylinux_2_28_x86_64.whl.metadata (4.1 kB)
Requirement already satisfied: typing-extensions>=4.6.0 in /root/.pyenv/versions/3.12.10/lib/python3.12/site-packages (from sqlalchemy) (4.14.0)
Collecting starlette<0.47.0,>=0.40.0 (from fastapi)
  Downloading starlette-0.46.2-py3-none-any.whl.metadata (6.2 kB)
Collecting pydantic!=1.8,!=1.8.1,!=2.0.0,!=2.0.1,!=2.1.0,<3.0.0,>=1.7.4 (from fastapi)
  Downloading pydantic-2.11.7-py3-none-any.whl.metadata (67 kB)
Collecting annotated-types>=0.6.0 (from pydantic!=1.8,!=1.8.1,!=2.0.0,!=2.0.1,!=2.1.0,<3.0.0,>=1.7.4->fastapi)
  Downloading annotated_types-0.7.0-py3-none-any.whl.metadata (15 kB)
Collecting pydantic-core==2.33.2 (from pydantic!=1.8,!=1.8.1,!=2.0.0,!=2.0.1,!=2.1.0,<3.0.0,>=1.7.4->fastapi)
  Downloading pydantic_core-2.33.2-cp312-cp312-manylinux_2_17_x86_64.manylinux2014_x86_64.whl.metadata (6.8 kB)
Collecting typing-inspection>=0.4.0 (from pydantic!=1.8,!=1.8.1,!=2.0.0,!=2.0.1,!=2.1.0,<3.0.0,>=1.7.4->fastapi)
  Downloading typing_inspection-0.4.1-py3-none-any.whl.metadata (2.6 kB)
Collecting anyio<5,>=3.6.2 (from starlette<0.47.0,>=0.40.0->fastapi)
  Using cached anyio-4.9.0-py3-none-any.whl.metadata (4.7 kB)
Collecting idna>=2.8 (from anyio<5,>=3.6.2->starlette<0.47.0,>=0.40.0->fastapi)
  Using cached idna-3.10-py3-none-any.whl.metadata (10 kB)
Collecting sniffio>=1.1 (from anyio<5,>=3.6.2->starlette<0.47.0,>=0.40.0->fastapi)
  Using cached sniffio-1.3.1-py3-none-any.whl.metadata (3.9 kB)
Collecting charset_normalizer<4,>=2 (from requests)
  Using cached charset_normalizer-3.4.2-cp312-cp312-manylinux_2_17_x86_64.manylinux2014_x86_64.whl.metadata (35 kB)
Collecting urllib3<3,>=1.21.1 (from requests)
  Downloading urllib3-2.5.0-py3-none-any.whl.metadata (6.5 kB)
Collecting certifi>=2017.4.17 (from requests)
  Downloading certifi-2025.7.9-py3-none-any.whl.metadata (2.4 kB)
Collecting httpcore==1.* (from httpx)
  Using cached httpcore-1.0.9-py3-none-any.whl.metadata (21 kB)
Collecting h11>=0.16 (from httpcore==1.*->httpx)
  Using cached h11-0.16.0-py3-none-any.whl.metadata (8.3 kB)
Collecting cffi>=1.14 (from cryptography)
  Using cached cffi-1.17.1-cp312-cp312-manylinux_2_17_x86_64.manylinux2014_x86_64.whl.metadata (1.5 kB)
Collecting defusedxml (from fpdf2)
  Downloading defusedxml-0.7.1-py2.py3-none-any.whl.metadata (32 kB)
Collecting Pillow!=9.2.*,>=6.2.2 (from fpdf2)
  Downloading pillow-11.3.0-cp312-cp312-manylinux_2_27_x86_64.manylinux_2_28_x86_64.whl.metadata (9.0 kB)
Collecting fonttools>=4.34.0 (from fpdf2)
  Downloading fonttools-4.58.5-cp312-cp312-manylinux1_x86_64.manylinux2014_x86_64.manylinux_2_17_x86_64.manylinux_2_5_x86_64.whl.metadata (106 kB)
Collecting pycparser (from cffi>=1.14->cryptography)
  Using cached pycparser-2.22-py3-none-any.whl.metadata (943 bytes)
Downloading sqlalchemy-2.0.41-cp312-cp312-manylinux_2_17_x86_64.manylinux2014_x86_64.whl (3.3 MB)
   ━━━━━━━━━━━━━━━━━━━━━━━━━━━━━━━━━━━━━━━━ 3.3/3.3 MB 34.6 MB/s eta 0:00:00
Downloading fastapi-0.116.0-py3-none-any.whl (95 kB)
Downloading pydantic-2.11.7-py3-none-any.whl (444 kB)
Downloading pydantic_core-2.33.2-cp312-cp312-manylinux_2_17_x86_64.manylinux2014_x86_64.whl (2.0 MB)
   ━━━━━━━━━━━━━━━━━━━━━━━━━━━━━━━━━━━━━━━━ 2.0/2.0 MB 52.4 MB/s eta 0:00:00
Downloading starlette-0.46.2-py3-none-any.whl (72 kB)
Using cached anyio-4.9.0-py3-none-any.whl (100 kB)
Using cached requests-2.32.4-py3-none-any.whl (64 kB)
Using cached charset_normalizer-3.4.2-cp312-cp312-manylinux_2_17_x86_64.manylinux2014_x86_64.whl (148 kB)
Using cached idna-3.10-py3-none-any.whl (70 kB)
Downloading urllib3-2.5.0-py3-none-any.whl (129 kB)
Using cached httpx-0.28.1-py3-none-any.whl (73 kB)
Using cached httpcore-1.0.9-py3-none-any.whl (78 kB)
Downloading PyYAML-6.0.2-cp312-cp312-manylinux_2_17_x86_64.manylinux2014_x86_64.whl (767 kB)
   ━━━━━━━━━━━━━━━━━━━━━━━━━━━━━━━━━━━━━━━━ 767.5/767.5 kB 7.3 MB/s eta 0:00:00
Downloading pyotp-2.9.0-py3-none-any.whl (13 kB)
Downloading cryptography-45.0.5-cp311-abi3-manylinux_2_34_x86_64.whl (4.5 MB)
   ━━━━━━━━━━━━━━━━━━━━━━━━━━━━━━━━━━━━━━━━ 4.5/4.5 MB 50.0 MB/s eta 0:00:00
Downloading psutil-7.0.0-cp36-abi3-manylinux_2_12_x86_64.manylinux2010_x86_64.manylinux_2_17_x86_64.manylinux2014_x86_64.whl (277 kB)
Downloading fpdf2-2.8.3-py2.py3-none-any.whl (245 kB)
Downloading annotated_types-0.7.0-py3-none-any.whl (13 kB)
Downloading certifi-2025.7.9-py3-none-any.whl (159 kB)
Using cached cffi-1.17.1-cp312-cp312-manylinux_2_17_x86_64.manylinux2014_x86_64.whl (479 kB)
Downloading fonttools-4.58.5-cp312-cp312-manylinux1_x86_64.manylinux2014_x86_64.manylinux_2_17_x86_64.manylinux_2_5_x86_64.whl (4.9 MB)
   ━━━━━━━━━━━━━━━━━━━━━━━━━━━━━━━━━━━━━━━━ 4.9/4.9 MB 36.2 MB/s eta 0:00:00
Downloading greenlet-3.2.3-cp312-cp312-manylinux_2_24_x86_64.manylinux_2_28_x86_64.whl (605 kB)
   ━━━━━━━━━━━━━━━━━━━━━━━━━━━━━━━━━━━━━━━━ 605.5/605.5 kB 33.5 MB/s eta 0:00:00
Using cached h11-0.16.0-py3-none-any.whl (37 kB)
Downloading pillow-11.3.0-cp312-cp312-manylinux_2_27_x86_64.manylinux_2_28_x86_64.whl (6.6 MB)
   ━━━━━━━━━━━━━━━━━━━━━━━━━━━━━━━━━━━━━━━━ 6.6/6.6 MB 32.9 MB/s eta 0:00:00
Using cached sniffio-1.3.1-py3-none-any.whl (10 kB)
Downloading typing_inspection-0.4.1-py3-none-any.whl (14 kB)
Downloading defusedxml-0.7.1-py2.py3-none-any.whl (25 kB)
Using cached pycparser-2.22-py3-none-any.whl (117 kB)
Installing collected packages: urllib3, typing-inspection, sniffio, pyyaml, pyotp, pydantic-core, pycparser, psutil, Pillow, idna, h11, greenlet, fonttools, defusedxml, charset_normalizer, certifi, annotated-types, sqlalchemy, requests, pydantic, httpcore, fpdf2, cffi, anyio, starlette, httpx, cryptography, fastapi

Successfully installed Pillow-11.3.0 annotated-types-0.7.0 anyio-4.9.0 certifi-2025.7.9 cffi-1.17.1 charset_normalizer-3.4.2 cryptography-45.0.5 defusedxml-0.7.1 fastapi-0.116.0 fonttools-4.58.5 fpdf2-2.8.3 greenlet-3.2.3 h11-0.16.0 httpcore-1.0.9 httpx-0.28.1 idna-3.10 psutil-7.0.0 pycparser-2.22 pydantic-2.11.7 pydantic-core-2.33.2 pyotp-2.9.0 pyyaml-6.0.2 requests-2.32.4 sniffio-1.3.1 sqlalchemy-2.0.41 starlette-0.46.2 typing-inspection-0.4.1 urllib3-2.5.0
